<?xml version="1.0" encoding="UTF-8"?>
<!-- Generated by org.testng.reporters.JUnitXMLReporter -->
<testsuite ignored="0" hostname="DESKTOP-DMBCJ4C" failures="1" tests="8" name="TC_Decrease_Price_at_COC" time="772.324" errors="0" timestamp="2022-07-20T17:55:47 IST">
  <testcase classname="com.Super_Admin.TC_Decrease_Price_at_COC" name="New_Project" time="6.323"/>
  <testcase classname="com.Super_Admin.TC_Decrease_Price_at_COC" name="Select_Contractor" time="46.608"/>
  <testcase classname="com.Super_Admin.TC_Decrease_Price_at_COC" name="Credit_Application_Tab" time="48.11"/>
  <testcase classname="com.Super_Admin.TC_Decrease_Price_at_COC" name="Login_to_Credit_Portal" time="8.517"/>
  <testcase classname="com.Super_Admin.TC_Decrease_Price_at_COC" name="View_Project" time="185.615"/>
  <testcase classname="com.Super_Admin.TC_Decrease_Price_at_COC" name="Submit_Contract" time="126.501"/>
  <testcase classname="com.Super_Admin.TC_Decrease_Price_at_COC" name="Submit_NTP" time="191.835"/>
  <testcase classname="com.Super_Admin.TC_Decrease_Price_at_COC" name="Funding_Tab" time="137.704">
    <failure type="org.openqa.selenium.ElementNotInteractableException" message="element not interactable: javascript:; has no size and location
  (Session info: chrome=103.0.5060.134)
Build info: version: &amp;apos;4.2.2&amp;apos;, revision: &amp;apos;683ccb65d6&amp;apos;
System info: host: &amp;apos;DESKTOP-DMBCJ4C&amp;apos;, ip: &amp;apos;192.168.1.13&amp;apos;, os.name: &amp;apos;Windows 10&amp;apos;, os.arch: &amp;apos;amd64&amp;apos;, os.version: &amp;apos;10.0&amp;apos;, java.version: &amp;apos;18.0.1.1&amp;apos;
Driver info: org.openqa.selenium.chrome.ChromeDriver
Command: [bd9516903f0ef00fc1c719a9e2b98180, actions {actions=[org.openqa.selenium.interactions.Sequence@51768401]}]
Capabilities {acceptInsecureCerts: false, browserName: chrome, browserVersion: 103.0.5060.134, chrome: {chromedriverVersion: 103.0.5060.53 (a1711811edd7..., userDataDir: C:\Users\User\AppData\Local...}, goog:chromeOptions: {debuggerAddress: localhost:55858}, networkConnectionEnabled: false, pageLoadStrategy: normal, platformName: WINDOWS, proxy: Proxy(), se:cdp: ws://localhost:55858/devtoo..., se:cdpVersion: 103.0.5060.134, setWindowRect: true, strictFileInteractability: false, timeouts: {implicit: 0, pageLoad: 300000, script: 30000}, unhandledPromptBehavior: dismiss and notify, webauthn:extension:credBlob: true, webauthn:extension:largeBlob: true, webauthn:virtualAuthenticators: true}
Session ID: bd9516903f0ef00fc1c719a9e2b98180">
      <![CDATA[org.openqa.selenium.ElementNotInteractableException: element not interactable: javascript:; has no size and location
  (Session info: chrome=103.0.5060.134)
Build info: version: '4.2.2', revision: '683ccb65d6'
System info: host: 'DESKTOP-DMBCJ4C', ip: '192.168.1.13', os.name: 'Windows 10', os.arch: 'amd64', os.version: '10.0', java.version: '18.0.1.1'
Driver info: org.openqa.selenium.chrome.ChromeDriver
Command: [bd9516903f0ef00fc1c719a9e2b98180, actions {actions=[org.openqa.selenium.interactions.Sequence@51768401]}]
Capabilities {acceptInsecureCerts: false, browserName: chrome, browserVersion: 103.0.5060.134, chrome: {chromedriverVersion: 103.0.5060.53 (a1711811edd7..., userDataDir: C:\Users\User\AppData\Local...}, goog:chromeOptions: {debuggerAddress: localhost:55858}, networkConnectionEnabled: false, pageLoadStrategy: normal, platformName: WINDOWS, proxy: Proxy(), se:cdp: ws://localhost:55858/devtoo..., se:cdpVersion: 103.0.5060.134, setWindowRect: true, strictFileInteractability: false, timeouts: {implicit: 0, pageLoad: 300000, script: 30000}, unhandledPromptBehavior: dismiss and notify, webauthn:extension:credBlob: true, webauthn:extension:largeBlob: true, webauthn:virtualAuthenticators: true}
Session ID: bd9516903f0ef00fc1c719a9e2b98180
at org.openqa.selenium.remote.codec.w3c.W3CHttpResponseCodec.createException(W3CHttpResponseCodec.java:200)
at org.openqa.selenium.remote.codec.w3c.W3CHttpResponseCodec.decode(W3CHttpResponseCodec.java:133)
at org.openqa.selenium.remote.codec.w3c.W3CHttpResponseCodec.decode(W3CHttpResponseCodec.java:53)
at org.openqa.selenium.remote.HttpCommandExecutor.execute(HttpCommandExecutor.java:184)
at org.openqa.selenium.remote.service.DriverCommandExecutor.invokeExecute(DriverCommandExecutor.java:167)
at org.openqa.selenium.remote.service.DriverCommandExecutor.execute(DriverCommandExecutor.java:142)
at org.openqa.selenium.remote.RemoteWebDriver.execute(RemoteWebDriver.java:588)
at org.openqa.selenium.remote.RemoteWebDriver.perform(RemoteWebDriver.java:656)
at org.openqa.selenium.interactions.Actions$BuiltAction.perform(Actions.java:718)
at org.openqa.selenium.interactions.Actions.perform(Actions.java:674)
at com.Super_Admin.Decrease_Price_at_COC_Page.Funding_Tab(Decrease_Price_at_COC_Page.java:1035)
at com.Super_Admin.TC_Decrease_Price_at_COC.Funding_Tab(TC_Decrease_Price_at_COC.java:100)
at java.base/java.util.ArrayList.forEach(ArrayList.java:1511)
... Removed 28 stack frames]]>
    </failure>
  </testcase> <!-- Funding_Tab -->
</testsuite> <!-- TC_Decrease_Price_at_COC -->
