<?xml version="1.0" encoding="UTF-8"?>
<testng-results ignored="0" total="72" passed="62" failed="10" skipped="0">
  <reporter-output>
  </reporter-output>
  <suite started-at="2022-07-20T16:31:50 IST" name="Suite" finished-at="2022-07-20T18:03:22 IST" duration-ms="5492145">
    <groups>
    </groups>
    <test started-at="2022-07-20T16:31:50 IST" name="TC_Login_Test" finished-at="2022-07-20T16:32:12 IST" duration-ms="21994">
      <class name="com.Super_Admin.TC_Login_Test">
        <test-method is-config="true" signature="TestSetup()[pri:0, instance:com.Super_Admin.TC_Login_Test@8317c52]" started-at="2022-07-20T16:31:50 IST" name="TestSetup" finished-at="2022-07-20T16:32:01 IST" duration-ms="10392" status="PASS">
          <reporter-output>
          </reporter-output>
        </test-method> <!-- TestSetup -->
        <test-method signature="Admin_Login()[pri:1, instance:com.Super_Admin.TC_Login_Test@8317c52]" started-at="2022-07-20T16:32:01 IST" name="Admin_Login" finished-at="2022-07-20T16:32:12 IST" duration-ms="11485" status="PASS">
          <reporter-output>
          </reporter-output>
        </test-method> <!-- Admin_Login -->
      </class> <!-- com.Super_Admin.TC_Login_Test -->
    </test> <!-- TC_Login_Test -->
    <test started-at="2022-07-20T16:32:12 IST" name="TC_Create_PACE_Project_Test" finished-at="2022-07-20T16:46:00 IST" duration-ms="828026">
      <class name="com.Super_Admin.TC_Create_PACE_Project_Test">
        <test-method is-config="true" signature="TestSetup()[pri:0, instance:com.Super_Admin.TC_Create_PACE_Project_Test@378542de]" started-at="2022-07-20T16:32:12 IST" name="TestSetup" finished-at="2022-07-20T16:32:26 IST" duration-ms="13223" status="PASS">
          <reporter-output>
          </reporter-output>
        </test-method> <!-- TestSetup -->
        <test-method signature="New_Project()[pri:1, instance:com.Super_Admin.TC_Create_PACE_Project_Test@378542de]" started-at="2022-07-20T16:32:26 IST" name="New_Project" finished-at="2022-07-20T16:32:30 IST" duration-ms="4650" status="PASS">
          <reporter-output>
          </reporter-output>
        </test-method> <!-- New_Project -->
        <test-method signature="Select_Contractor()[pri:2, instance:com.Super_Admin.TC_Create_PACE_Project_Test@378542de]" started-at="2022-07-20T16:32:30 IST" name="Select_Contractor" finished-at="2022-07-20T16:33:18 IST" duration-ms="47772" status="PASS">
          <reporter-output>
          </reporter-output>
        </test-method> <!-- Select_Contractor -->
        <test-method signature="Credit_Application_Tab()[pri:3, instance:com.Super_Admin.TC_Create_PACE_Project_Test@378542de]" started-at="2022-07-20T16:33:18 IST" name="Credit_Application_Tab" finished-at="2022-07-20T16:34:05 IST" duration-ms="46972" status="PASS">
          <reporter-output>
          </reporter-output>
        </test-method> <!-- Credit_Application_Tab -->
        <test-method signature="Login_to_Credit_Portal()[pri:4, instance:com.Super_Admin.TC_Create_PACE_Project_Test@378542de]" started-at="2022-07-20T16:34:05 IST" name="Login_to_Credit_Portal" finished-at="2022-07-20T16:34:12 IST" duration-ms="7350" status="PASS">
          <reporter-output>
          </reporter-output>
        </test-method> <!-- Login_to_Credit_Portal -->
        <test-method signature="View_Project()[pri:5, instance:com.Super_Admin.TC_Create_PACE_Project_Test@378542de]" started-at="2022-07-20T16:34:12 IST" name="View_Project" finished-at="2022-07-20T16:37:17 IST" duration-ms="184748" status="PASS">
          <reporter-output>
          </reporter-output>
        </test-method> <!-- View_Project -->
        <test-method signature="Submit_Contract()[pri:6, instance:com.Super_Admin.TC_Create_PACE_Project_Test@378542de]" started-at="2022-07-20T16:37:17 IST" name="Submit_Contract" finished-at="2022-07-20T16:39:30 IST" duration-ms="132981" status="PASS">
          <reporter-output>
          </reporter-output>
        </test-method> <!-- Submit_Contract -->
        <test-method signature="Submit_NTP()[pri:7, instance:com.Super_Admin.TC_Create_PACE_Project_Test@378542de]" started-at="2022-07-20T16:39:30 IST" name="Submit_NTP" finished-at="2022-07-20T16:43:07 IST" duration-ms="216556" status="PASS">
          <reporter-output>
          </reporter-output>
        </test-method> <!-- Submit_NTP -->
        <test-method signature="Funding_Tab()[pri:8, instance:com.Super_Admin.TC_Create_PACE_Project_Test@378542de]" started-at="2022-07-20T16:43:07 IST" name="Funding_Tab" finished-at="2022-07-20T16:46:00 IST" duration-ms="173744" status="PASS">
          <reporter-output>
          </reporter-output>
        </test-method> <!-- Funding_Tab -->
      </class> <!-- com.Super_Admin.TC_Create_PACE_Project_Test -->
    </test> <!-- TC_Create_PACE_Project_Test -->
    <test started-at="2022-07-20T16:46:00 IST" name="Test_With_Two_Signer" finished-at="2022-07-20T16:56:45 IST" duration-ms="644846">
      <class name="com.Super_Admin.TC_Test_With_Two_Signer">
        <test-method is-config="true" signature="TestSetup()[pri:0, instance:com.Super_Admin.TC_Test_With_Two_Signer@53976f5c]" started-at="2022-07-20T16:46:00 IST" name="TestSetup" finished-at="2022-07-20T16:46:13 IST" duration-ms="12815" status="PASS">
          <reporter-output>
          </reporter-output>
        </test-method> <!-- TestSetup -->
        <test-method signature="New_Project()[pri:1, instance:com.Super_Admin.TC_Test_With_Two_Signer@53976f5c]" started-at="2022-07-20T16:46:13 IST" name="New_Project" finished-at="2022-07-20T16:46:18 IST" duration-ms="4528" status="PASS">
          <reporter-output>
          </reporter-output>
        </test-method> <!-- New_Project -->
        <test-method signature="Select_Contractor()[pri:2, instance:com.Super_Admin.TC_Test_With_Two_Signer@53976f5c]" started-at="2022-07-20T16:46:18 IST" name="Select_Contractor" finished-at="2022-07-20T16:47:11 IST" duration-ms="53265" status="PASS">
          <reporter-output>
          </reporter-output>
        </test-method> <!-- Select_Contractor -->
        <test-method signature="Credit_Application_Tab()[pri:3, instance:com.Super_Admin.TC_Test_With_Two_Signer@53976f5c]" started-at="2022-07-20T16:47:11 IST" name="Credit_Application_Tab" finished-at="2022-07-20T16:49:06 IST" duration-ms="114690" status="PASS">
          <reporter-output>
          </reporter-output>
        </test-method> <!-- Credit_Application_Tab -->
        <test-method signature="Login_to_Credit_Portal()[pri:4, instance:com.Super_Admin.TC_Test_With_Two_Signer@53976f5c]" started-at="2022-07-20T16:49:06 IST" name="Login_to_Credit_Portal" finished-at="2022-07-20T16:49:13 IST" duration-ms="7638" status="PASS">
          <reporter-output>
          </reporter-output>
        </test-method> <!-- Login_to_Credit_Portal -->
        <test-method signature="View_Project()[pri:5, instance:com.Super_Admin.TC_Test_With_Two_Signer@53976f5c]" started-at="2022-07-20T16:49:13 IST" name="View_Project" finished-at="2022-07-20T16:53:38 IST" duration-ms="264804" status="PASS">
          <reporter-output>
          </reporter-output>
        </test-method> <!-- View_Project -->
        <test-method signature="Submit_Contract()[pri:6, instance:com.Super_Admin.TC_Test_With_Two_Signer@53976f5c]" started-at="2022-07-20T16:53:38 IST" name="Submit_Contract" finished-at="2022-07-20T16:56:45 IST" duration-ms="187084" status="PASS">
          <reporter-output>
          </reporter-output>
        </test-method> <!-- Submit_Contract -->
      </class> <!-- com.Super_Admin.TC_Test_With_Two_Signer -->
    </test> <!-- Test_With_Two_Signer -->
    <test started-at="2022-07-20T16:56:45 IST" name="TC_UNS_Project" finished-at="2022-07-20T17:09:22 IST" duration-ms="756892">
      <class name="com.Super_Admin.TC_UNS_Project">
        <test-method is-config="true" signature="TestSetup()[pri:0, instance:com.Super_Admin.TC_UNS_Project@a3d8174]" started-at="2022-07-20T16:56:45 IST" name="TestSetup" finished-at="2022-07-20T16:57:05 IST" duration-ms="19927" status="PASS">
          <reporter-output>
          </reporter-output>
        </test-method> <!-- TestSetup -->
        <test-method signature="New_Project()[pri:1, instance:com.Super_Admin.TC_UNS_Project@a3d8174]" started-at="2022-07-20T16:57:05 IST" name="New_Project" finished-at="2022-07-20T16:57:11 IST" duration-ms="5487" status="PASS">
          <reporter-output>
          </reporter-output>
        </test-method> <!-- New_Project -->
        <test-method signature="Select_Contractor()[pri:2, instance:com.Super_Admin.TC_UNS_Project@a3d8174]" started-at="2022-07-20T16:57:11 IST" name="Select_Contractor" finished-at="2022-07-20T16:58:09 IST" duration-ms="58520" status="PASS">
          <reporter-output>
          </reporter-output>
        </test-method> <!-- Select_Contractor -->
        <test-method signature="Credit_Application_Tab()[pri:3, instance:com.Super_Admin.TC_UNS_Project@a3d8174]" started-at="2022-07-20T16:58:09 IST" name="Credit_Application_Tab" finished-at="2022-07-20T16:59:06 IST" duration-ms="57025" status="PASS">
          <reporter-output>
          </reporter-output>
        </test-method> <!-- Credit_Application_Tab -->
        <test-method signature="Login_to_Credit_Portal()[pri:4, instance:com.Super_Admin.TC_UNS_Project@a3d8174]" started-at="2022-07-20T16:59:06 IST" name="Login_to_Credit_Portal" finished-at="2022-07-20T16:59:17 IST" duration-ms="10567" status="PASS">
          <reporter-output>
          </reporter-output>
        </test-method> <!-- Login_to_Credit_Portal -->
        <test-method signature="View_UNS_Project()[pri:5, instance:com.Super_Admin.TC_UNS_Project@a3d8174]" started-at="2022-07-20T16:59:17 IST" name="View_UNS_Project" finished-at="2022-07-20T17:02:07 IST" duration-ms="170728" status="PASS">
          <reporter-output>
          </reporter-output>
        </test-method> <!-- View_UNS_Project -->
        <test-method signature="Submit_UNS_Contract()[pri:6, instance:com.Super_Admin.TC_UNS_Project@a3d8174]" started-at="2022-07-20T17:02:07 IST" name="Submit_UNS_Contract" finished-at="2022-07-20T17:04:14 IST" duration-ms="126441" status="PASS">
          <reporter-output>
          </reporter-output>
        </test-method> <!-- Submit_UNS_Contract -->
        <test-method signature="Submit_NTP()[pri:7, instance:com.Super_Admin.TC_UNS_Project@a3d8174]" started-at="2022-07-20T17:04:14 IST" name="Submit_NTP" finished-at="2022-07-20T17:06:18 IST" duration-ms="124233" status="PASS">
          <reporter-output>
          </reporter-output>
        </test-method> <!-- Submit_NTP -->
        <test-method signature="Funding_Tab()[pri:8, instance:com.Super_Admin.TC_UNS_Project@a3d8174]" started-at="2022-07-20T17:06:18 IST" name="Funding_Tab" finished-at="2022-07-20T17:09:22 IST" duration-ms="183943" status="PASS">
          <reporter-output>
          </reporter-output>
        </test-method> <!-- Funding_Tab -->
      </class> <!-- com.Super_Admin.TC_UNS_Project -->
    </test> <!-- TC_UNS_Project -->
    <test started-at="2022-07-20T17:09:22 IST" name="TC_Special_Offer_Project" finished-at="2022-07-20T17:23:21 IST" duration-ms="838534">
      <class name="com.Super_Admin.TC_Special_Offer_Project">
        <test-method is-config="true" signature="TestSetup()[pri:0, instance:com.Super_Admin.TC_Special_Offer_Project@51dcb805]" started-at="2022-07-20T17:09:22 IST" name="TestSetup" finished-at="2022-07-20T17:09:44 IST" duration-ms="21425" status="PASS">
          <reporter-output>
          </reporter-output>
        </test-method> <!-- TestSetup -->
        <test-method signature="New_Project()[pri:1, instance:com.Super_Admin.TC_Special_Offer_Project@51dcb805]" started-at="2022-07-20T17:09:44 IST" name="New_Project" finished-at="2022-07-20T17:09:48 IST" duration-ms="4513" status="PASS">
          <reporter-output>
          </reporter-output>
        </test-method> <!-- New_Project -->
        <test-method signature="Select_Contractor()[pri:2, instance:com.Super_Admin.TC_Special_Offer_Project@51dcb805]" started-at="2022-07-20T17:09:48 IST" name="Select_Contractor" finished-at="2022-07-20T17:10:31 IST" duration-ms="42631" status="PASS">
          <reporter-output>
          </reporter-output>
        </test-method> <!-- Select_Contractor -->
        <test-method signature="Credit_Application_Tab()[pri:3, instance:com.Super_Admin.TC_Special_Offer_Project@51dcb805]" started-at="2022-07-20T17:10:31 IST" name="Credit_Application_Tab" finished-at="2022-07-20T17:11:17 IST" duration-ms="46685" status="PASS">
          <reporter-output>
          </reporter-output>
        </test-method> <!-- Credit_Application_Tab -->
        <test-method signature="Login_to_Credit_Portal()[pri:4, instance:com.Super_Admin.TC_Special_Offer_Project@51dcb805]" started-at="2022-07-20T17:11:17 IST" name="Login_to_Credit_Portal" finished-at="2022-07-20T17:11:27 IST" duration-ms="9516" status="PASS">
          <reporter-output>
          </reporter-output>
        </test-method> <!-- Login_to_Credit_Portal -->
        <test-method signature="View_UNS_Project()[pri:5, instance:com.Super_Admin.TC_Special_Offer_Project@51dcb805]" started-at="2022-07-20T17:11:27 IST" name="View_UNS_Project" finished-at="2022-07-20T17:15:07 IST" duration-ms="220503" status="PASS">
          <reporter-output>
          </reporter-output>
        </test-method> <!-- View_UNS_Project -->
        <test-method signature="Submit_SO_Contract()[pri:6, instance:com.Super_Admin.TC_Special_Offer_Project@51dcb805]" started-at="2022-07-20T17:15:07 IST" name="Submit_SO_Contract" finished-at="2022-07-20T17:18:06 IST" duration-ms="179038" status="PASS">
          <reporter-output>
          </reporter-output>
        </test-method> <!-- Submit_SO_Contract -->
        <test-method signature="Submit_NTP()[pri:7, instance:com.Super_Admin.TC_Special_Offer_Project@51dcb805]" started-at="2022-07-20T17:18:06 IST" name="Submit_NTP" finished-at="2022-07-20T17:20:37 IST" duration-ms="150477" status="PASS">
          <reporter-output>
          </reporter-output>
        </test-method> <!-- Submit_NTP -->
        <test-method signature="Funding_Tab()[pri:8, instance:com.Super_Admin.TC_Special_Offer_Project@51dcb805]" started-at="2022-07-20T17:20:37 IST" name="Funding_Tab" finished-at="2022-07-20T17:23:21 IST" duration-ms="163731" status="PASS">
          <reporter-output>
          </reporter-output>
        </test-method> <!-- Funding_Tab -->
      </class> <!-- com.Super_Admin.TC_Special_Offer_Project -->
    </test> <!-- TC_Special_Offer_Project -->
    <test started-at="2022-07-20T17:23:21 IST" name="TC_Sign_on_browser_mail_and_reminder_function" finished-at="2022-07-20T17:26:31 IST" duration-ms="189879">
      <class name="com.Super_Admin.TC_Sign_on_browser_mail_and_reminder_function">
        <test-method is-config="true" signature="TestSetup()[pri:0, instance:com.Super_Admin.TC_Sign_on_browser_mail_and_reminder_function@6631f5ca]" started-at="2022-07-20T17:23:21 IST" name="TestSetup" finished-at="2022-07-20T17:23:36 IST" duration-ms="15757" status="PASS">
          <reporter-output>
          </reporter-output>
        </test-method> <!-- TestSetup -->
        <test-method signature="New_Project()[pri:1, instance:com.Super_Admin.TC_Sign_on_browser_mail_and_reminder_function@6631f5ca]" started-at="2022-07-20T17:23:36 IST" name="New_Project" finished-at="2022-07-20T17:23:41 IST" duration-ms="4512" status="PASS">
          <reporter-output>
          </reporter-output>
        </test-method> <!-- New_Project -->
        <test-method signature="Select_Contractor()[pri:2, instance:com.Super_Admin.TC_Sign_on_browser_mail_and_reminder_function@6631f5ca]" started-at="2022-07-20T17:23:41 IST" name="Select_Contractor" finished-at="2022-07-20T17:24:27 IST" duration-ms="45726" status="PASS">
          <reporter-output>
          </reporter-output>
        </test-method> <!-- Select_Contractor -->
        <test-method signature="Credit_Application_Tab()[pri:3, instance:com.Super_Admin.TC_Sign_on_browser_mail_and_reminder_function@6631f5ca]" started-at="2022-07-20T17:24:27 IST" name="Credit_Application_Tab" finished-at="2022-07-20T17:25:16 IST" duration-ms="49330" status="PASS">
          <reporter-output>
          </reporter-output>
        </test-method> <!-- Credit_Application_Tab -->
        <test-method signature="Submit_UNS_Contract()[pri:4, instance:com.Super_Admin.TC_Sign_on_browser_mail_and_reminder_function@6631f5ca]" started-at="2022-07-20T17:25:16 IST" name="Submit_UNS_Contract" finished-at="2022-07-20T17:26:31 IST" duration-ms="74537" status="PASS">
          <reporter-output>
          </reporter-output>
        </test-method> <!-- Submit_UNS_Contract -->
      </class> <!-- com.Super_Admin.TC_Sign_on_browser_mail_and_reminder_function -->
    </test> <!-- TC_Sign_on_browser_mail_and_reminder_function -->
    <test started-at="2022-07-20T17:26:31 IST" name="TC_Income_Reminder" finished-at="2022-07-20T17:28:46 IST" duration-ms="135662">
      <class name="com.Super_Admin.TC_Income_Reminder">
        <test-method is-config="true" signature="TestSetup()[pri:0, instance:com.Super_Admin.TC_Income_Reminder@693fe6c9]" started-at="2022-07-20T17:26:31 IST" name="TestSetup" finished-at="2022-07-20T17:26:45 IST" duration-ms="14472" status="PASS">
          <reporter-output>
          </reporter-output>
        </test-method> <!-- TestSetup -->
        <test-method signature="New_Project()[pri:1, instance:com.Super_Admin.TC_Income_Reminder@693fe6c9]" started-at="2022-07-20T17:26:45 IST" name="New_Project" finished-at="2022-07-20T17:26:49 IST" duration-ms="4460" status="PASS">
          <reporter-output>
          </reporter-output>
        </test-method> <!-- New_Project -->
        <test-method signature="Select_Contractor()[pri:2, instance:com.Super_Admin.TC_Income_Reminder@693fe6c9]" started-at="2022-07-20T17:26:49 IST" name="Select_Contractor" finished-at="2022-07-20T17:27:34 IST" duration-ms="44690" status="PASS">
          <reporter-output>
          </reporter-output>
        </test-method> <!-- Select_Contractor -->
        <test-method signature="Credit_Application_Tab()[pri:3, instance:com.Super_Admin.TC_Income_Reminder@693fe6c9]" started-at="2022-07-20T17:27:34 IST" name="Credit_Application_Tab" finished-at="2022-07-20T17:28:22 IST" duration-ms="47689" status="PASS">
          <reporter-output>
          </reporter-output>
        </test-method> <!-- Credit_Application_Tab -->
        <test-method signature="Login_to_Credit_Portal()[pri:4, instance:com.Super_Admin.TC_Income_Reminder@693fe6c9]" started-at="2022-07-20T17:28:22 IST" name="Login_to_Credit_Portal" finished-at="2022-07-20T17:28:30 IST" duration-ms="8424" status="PASS">
          <reporter-output>
          </reporter-output>
        </test-method> <!-- Login_to_Credit_Portal -->
        <test-method signature="View_UNS_Project()[pri:5, instance:com.Super_Admin.TC_Income_Reminder@693fe6c9]" started-at="2022-07-20T17:28:30 IST" name="View_UNS_Project" finished-at="2022-07-20T17:28:46 IST" duration-ms="15915" status="PASS">
          <reporter-output>
          </reporter-output>
        </test-method> <!-- View_UNS_Project -->
      </class> <!-- com.Super_Admin.TC_Income_Reminder -->
    </test> <!-- TC_Income_Reminder -->
    <test started-at="2022-07-20T17:28:46 IST" name="TC_Doc_Sign_History" finished-at="2022-07-20T17:30:48 IST" duration-ms="122037">
      <class name="com.Super_Admin.TC_Doc_Sign_History">
        <test-method is-config="true" signature="TestSetup()[pri:0, instance:com.Super_Admin.TC_Doc_Sign_History@49912c99]" started-at="2022-07-20T17:28:46 IST" name="TestSetup" finished-at="2022-07-20T17:29:02 IST" duration-ms="16139" status="PASS">
          <reporter-output>
          </reporter-output>
        </test-method> <!-- TestSetup -->
        <test-method signature="Search_Project()[pri:1, instance:com.Super_Admin.TC_Doc_Sign_History@49912c99]" started-at="2022-07-20T17:29:02 IST" name="Search_Project" finished-at="2022-07-20T17:29:10 IST" duration-ms="7475" status="PASS">
          <reporter-output>
          </reporter-output>
        </test-method> <!-- Search_Project -->
        <test-method signature="Doc_Sign_History()[pri:2, instance:com.Super_Admin.TC_Doc_Sign_History@49912c99]" started-at="2022-07-20T17:29:10 IST" name="Doc_Sign_History" finished-at="2022-07-20T17:29:13 IST" duration-ms="3214" status="PASS">
          <reporter-output>
          </reporter-output>
        </test-method> <!-- Doc_Sign_History -->
        <test-method signature="Activity_Logs()[pri:3, instance:com.Super_Admin.TC_Doc_Sign_History@49912c99]" started-at="2022-07-20T17:29:13 IST" name="Activity_Logs" finished-at="2022-07-20T17:30:48 IST" duration-ms="95201" status="PASS">
          <reporter-output>
          </reporter-output>
        </test-method> <!-- Activity_Logs -->
      </class> <!-- com.Super_Admin.TC_Doc_Sign_History -->
    </test> <!-- TC_Doc_Sign_History -->
    <test started-at="2022-07-20T17:30:48 IST" name="TC_Delete_Applicant_In_Mobile_App" finished-at="2022-07-20T17:33:14 IST" duration-ms="145295">
      <class name="com.Super_Admin.TC_Delete_Applicant_In_Mobile_App">
        <test-method is-config="true" signature="TestSetup()[pri:0, instance:com.Super_Admin.TC_Delete_Applicant_In_Mobile_App@247d8ae]" started-at="2022-07-20T17:30:48 IST" name="TestSetup" finished-at="2022-07-20T17:31:02 IST" duration-ms="13302" status="PASS">
          <reporter-output>
          </reporter-output>
        </test-method> <!-- TestSetup -->
        <test-method signature="New_Project()[pri:1, instance:com.Super_Admin.TC_Delete_Applicant_In_Mobile_App@247d8ae]" started-at="2022-07-20T17:31:02 IST" name="New_Project" finished-at="2022-07-20T17:31:06 IST" duration-ms="4502" status="PASS">
          <reporter-output>
          </reporter-output>
        </test-method> <!-- New_Project -->
        <test-method signature="Select_Contractor()[pri:2, instance:com.Super_Admin.TC_Delete_Applicant_In_Mobile_App@247d8ae]" started-at="2022-07-20T17:31:06 IST" name="Select_Contractor" finished-at="2022-07-20T17:31:52 IST" duration-ms="45665" status="PASS">
          <reporter-output>
          </reporter-output>
        </test-method> <!-- Select_Contractor -->
        <test-method signature="Credit_Application_Tab()[pri:3, instance:com.Super_Admin.TC_Delete_Applicant_In_Mobile_App@247d8ae]" started-at="2022-07-20T17:31:52 IST" name="Credit_Application_Tab" finished-at="2022-07-20T17:33:14 IST" duration-ms="81821" status="PASS">
          <reporter-output>
          </reporter-output>
        </test-method> <!-- Credit_Application_Tab -->
      </class> <!-- com.Super_Admin.TC_Delete_Applicant_In_Mobile_App -->
    </test> <!-- TC_Delete_Applicant_In_Mobile_App -->
    <test started-at="2022-07-20T17:33:14 IST" name="TC_Add_Applicant_After_Submit_Contract" finished-at="2022-07-20T17:37:14 IST" duration-ms="240157">
      <class name="com.Super_Admin.TC_Add_Applicant_After_Submit_Contract">
        <test-method is-config="true" signature="TestSetup()[pri:0, instance:com.Super_Admin.TC_Add_Applicant_After_Submit_Contract@6d3a388c]" started-at="2022-07-20T17:33:14 IST" name="TestSetup" finished-at="2022-07-20T17:33:27 IST" duration-ms="13561" status="PASS">
          <reporter-output>
          </reporter-output>
        </test-method> <!-- TestSetup -->
        <test-method signature="New_Project()[pri:1, instance:com.Super_Admin.TC_Add_Applicant_After_Submit_Contract@6d3a388c]" started-at="2022-07-20T17:33:27 IST" name="New_Project" finished-at="2022-07-20T17:33:32 IST" duration-ms="5005" status="PASS">
          <reporter-output>
          </reporter-output>
        </test-method> <!-- New_Project -->
        <test-method signature="Select_Contractor()[pri:2, instance:com.Super_Admin.TC_Add_Applicant_After_Submit_Contract@6d3a388c]" started-at="2022-07-20T17:33:32 IST" name="Select_Contractor" finished-at="2022-07-20T17:34:16 IST" duration-ms="43936" status="PASS">
          <reporter-output>
          </reporter-output>
        </test-method> <!-- Select_Contractor -->
        <test-method signature="Credit_Application_Tab()[pri:3, instance:com.Super_Admin.TC_Add_Applicant_After_Submit_Contract@6d3a388c]" started-at="2022-07-20T17:34:16 IST" name="Credit_Application_Tab" finished-at="2022-07-20T17:34:59 IST" duration-ms="42582" status="PASS">
          <reporter-output>
          </reporter-output>
        </test-method> <!-- Credit_Application_Tab -->
        <test-method signature="Submit_Contract()[pri:4, instance:com.Super_Admin.TC_Add_Applicant_After_Submit_Contract@6d3a388c]" started-at="2022-07-20T17:34:59 IST" name="Submit_Contract" finished-at="2022-07-20T17:37:14 IST" duration-ms="135063" status="PASS">
          <reporter-output>
          </reporter-output>
        </test-method> <!-- Submit_Contract -->
      </class> <!-- com.Super_Admin.TC_Add_Applicant_After_Submit_Contract -->
    </test> <!-- TC_Add_Applicant_After_Submit_Contract -->
    <test started-at="2022-07-20T17:37:14 IST" name="TC_Increasing_price_at_COC" finished-at="2022-07-20T17:42:55 IST" duration-ms="341080">
      <class name="com.Super_Admin.TC_Increasing_price_at_COC">
        <test-method is-config="true" signature="TestSetup()[pri:0, instance:com.Super_Admin.TC_Increasing_price_at_COC@d29f28]" started-at="2022-07-20T17:37:14 IST" name="TestSetup" finished-at="2022-07-20T17:37:33 IST" duration-ms="19511" status="PASS">
          <reporter-output>
          </reporter-output>
        </test-method> <!-- TestSetup -->
        <test-method signature="New_Project()[pri:1, instance:com.Super_Admin.TC_Increasing_price_at_COC@d29f28]" started-at="2022-07-20T17:37:33 IST" name="New_Project" finished-at="2022-07-20T17:37:39 IST" duration-ms="6253" status="PASS">
          <reporter-output>
          </reporter-output>
        </test-method> <!-- New_Project -->
        <test-method signature="Select_Contractor()[pri:2, instance:com.Super_Admin.TC_Increasing_price_at_COC@d29f28]" started-at="2022-07-20T17:37:39 IST" name="Select_Contractor" finished-at="2022-07-20T17:38:38 IST" duration-ms="58390" status="FAIL">
          <exception class="org.openqa.selenium.StaleElementReferenceException">
            <message>
              <![CDATA[stale element reference: element is not attached to the page document
  (Session info: chrome=103.0.5060.134)
For documentation on this error, please visit: https://selenium.dev/exceptions/#stale_element_reference
Build info: version: '4.2.2', revision: '683ccb65d6'
System info: host: 'DESKTOP-DMBCJ4C', ip: '192.168.1.13', os.name: 'Windows 10', os.arch: 'amd64', os.version: '10.0', java.version: '18.0.1.1'
Driver info: org.openqa.selenium.chrome.ChromeDriver
Command: [26802ac94ceb16b0a4a1e97e7a19be76, clickElement {id=929af92b-290c-4dfb-a8e7-f9973c9cda1c}]
Capabilities {acceptInsecureCerts: false, browserName: chrome, browserVersion: 103.0.5060.134, chrome: {chromedriverVersion: 103.0.5060.53 (a1711811edd7..., userDataDir: C:\Users\User\AppData\Local...}, goog:chromeOptions: {debuggerAddress: localhost:55760}, networkConnectionEnabled: false, pageLoadStrategy: normal, platformName: WINDOWS, proxy: Proxy(), se:cdp: ws://localhost:55760/devtoo..., se:cdpVersion: 103.0.5060.134, setWindowRect: true, strictFileInteractability: false, timeouts: {implicit: 0, pageLoad: 300000, script: 30000}, unhandledPromptBehavior: dismiss and notify, webauthn:extension:credBlob: true, webauthn:extension:largeBlob: true, webauthn:virtualAuthenticators: true}
Element: [[ChromeDriver: chrome on WINDOWS (26802ac94ceb16b0a4a1e97e7a19be76)] -> xpath: //div[@class='wmawb-img text-center']]
Session ID: 26802ac94ceb16b0a4a1e97e7a19be76]]>
            </message>
            <full-stacktrace>
              <![CDATA[org.openqa.selenium.StaleElementReferenceException: stale element reference: element is not attached to the page document
  (Session info: chrome=103.0.5060.134)
For documentation on this error, please visit: https://selenium.dev/exceptions/#stale_element_reference
Build info: version: '4.2.2', revision: '683ccb65d6'
System info: host: 'DESKTOP-DMBCJ4C', ip: '192.168.1.13', os.name: 'Windows 10', os.arch: 'amd64', os.version: '10.0', java.version: '18.0.1.1'
Driver info: org.openqa.selenium.chrome.ChromeDriver
Command: [26802ac94ceb16b0a4a1e97e7a19be76, clickElement {id=929af92b-290c-4dfb-a8e7-f9973c9cda1c}]
Capabilities {acceptInsecureCerts: false, browserName: chrome, browserVersion: 103.0.5060.134, chrome: {chromedriverVersion: 103.0.5060.53 (a1711811edd7..., userDataDir: C:\Users\User\AppData\Local...}, goog:chromeOptions: {debuggerAddress: localhost:55760}, networkConnectionEnabled: false, pageLoadStrategy: normal, platformName: WINDOWS, proxy: Proxy(), se:cdp: ws://localhost:55760/devtoo..., se:cdpVersion: 103.0.5060.134, setWindowRect: true, strictFileInteractability: false, timeouts: {implicit: 0, pageLoad: 300000, script: 30000}, unhandledPromptBehavior: dismiss and notify, webauthn:extension:credBlob: true, webauthn:extension:largeBlob: true, webauthn:virtualAuthenticators: true}
Element: [[ChromeDriver: chrome on WINDOWS (26802ac94ceb16b0a4a1e97e7a19be76)] -> xpath: //div[@class='wmawb-img text-center']]
Session ID: 26802ac94ceb16b0a4a1e97e7a19be76
at java.base/jdk.internal.reflect.DirectConstructorHandleAccessor.newInstance(DirectConstructorHandleAccessor.java:67)
at java.base/java.lang.reflect.Constructor.newInstanceWithCaller(Constructor.java:499)
at java.base/java.lang.reflect.Constructor.newInstance(Constructor.java:483)
at org.openqa.selenium.remote.codec.w3c.W3CHttpResponseCodec.createException(W3CHttpResponseCodec.java:200)
at org.openqa.selenium.remote.codec.w3c.W3CHttpResponseCodec.decode(W3CHttpResponseCodec.java:133)
at org.openqa.selenium.remote.codec.w3c.W3CHttpResponseCodec.decode(W3CHttpResponseCodec.java:53)
at org.openqa.selenium.remote.HttpCommandExecutor.execute(HttpCommandExecutor.java:184)
at org.openqa.selenium.remote.service.DriverCommandExecutor.invokeExecute(DriverCommandExecutor.java:167)
at org.openqa.selenium.remote.service.DriverCommandExecutor.execute(DriverCommandExecutor.java:142)
at org.openqa.selenium.remote.RemoteWebDriver.execute(RemoteWebDriver.java:588)
at org.openqa.selenium.remote.RemoteWebElement.execute(RemoteWebElement.java:257)
at org.openqa.selenium.remote.RemoteWebElement.click(RemoteWebElement.java:78)
at java.base/jdk.internal.reflect.DirectMethodHandleAccessor.invoke(DirectMethodHandleAccessor.java:104)
at java.base/java.lang.reflect.Method.invoke(Method.java:577)
at org.openqa.selenium.support.pagefactory.internal.LocatingElementHandler.invoke(LocatingElementHandler.java:52)
at jdk.proxy2/jdk.proxy2.$Proxy16.click(Unknown Source)
at com.Super_Admin.Increasing_price_at_COC_Page.Select_Contractor(Increasing_price_at_COC_Page.java:440)
at com.Super_Admin.TC_Increasing_price_at_COC.Select_Contractor(TC_Increasing_price_at_COC.java:52)
at java.base/jdk.internal.reflect.DirectMethodHandleAccessor.invoke(DirectMethodHandleAccessor.java:104)
at java.base/java.lang.reflect.Method.invoke(Method.java:577)
at org.testng.internal.invokers.MethodInvocationHelper.invokeMethod(MethodInvocationHelper.java:135)
at org.testng.internal.invokers.TestInvoker.invokeMethod(TestInvoker.java:673)
at org.testng.internal.invokers.TestInvoker.invokeTestMethod(TestInvoker.java:220)
at org.testng.internal.invokers.MethodRunner.runInSequence(MethodRunner.java:50)
at org.testng.internal.invokers.TestInvoker$MethodInvocationAgent.invoke(TestInvoker.java:945)
at org.testng.internal.invokers.TestInvoker.invokeTestMethods(TestInvoker.java:193)
at org.testng.internal.invokers.TestMethodWorker.invokeTestMethods(TestMethodWorker.java:146)
at org.testng.internal.invokers.TestMethodWorker.run(TestMethodWorker.java:128)
at java.base/java.util.ArrayList.forEach(ArrayList.java:1511)
at org.testng.TestRunner.privateRun(TestRunner.java:808)
at org.testng.TestRunner.run(TestRunner.java:603)
at org.testng.SuiteRunner.runTest(SuiteRunner.java:429)
at org.testng.SuiteRunner.runSequentially(SuiteRunner.java:423)
at org.testng.SuiteRunner.privateRun(SuiteRunner.java:383)
at org.testng.SuiteRunner.run(SuiteRunner.java:326)
at org.testng.SuiteRunnerWorker.runSuite(SuiteRunnerWorker.java:52)
at org.testng.SuiteRunnerWorker.run(SuiteRunnerWorker.java:95)
at org.testng.TestNG.runSuitesSequentially(TestNG.java:1249)
at org.testng.TestNG.runSuitesLocally(TestNG.java:1169)
at org.testng.TestNG.runSuites(TestNG.java:1092)
at org.testng.TestNG.run(TestNG.java:1060)
at org.testng.remote.AbstractRemoteTestNG.run(AbstractRemoteTestNG.java:115)
at org.testng.remote.RemoteTestNG.initAndRun(RemoteTestNG.java:251)
at org.testng.remote.RemoteTestNG.main(RemoteTestNG.java:77)
]]>
            </full-stacktrace>
          </exception> <!-- org.openqa.selenium.StaleElementReferenceException -->
          <reporter-output>
          </reporter-output>
        </test-method> <!-- Select_Contractor -->
        <test-method signature="Credit_Application_Tab()[pri:3, instance:com.Super_Admin.TC_Increasing_price_at_COC@d29f28]" started-at="2022-07-20T17:38:38 IST" name="Credit_Application_Tab" finished-at="2022-07-20T17:39:32 IST" duration-ms="54031" status="FAIL">
          <exception class="org.openqa.selenium.NoSuchElementException">
            <message>
              <![CDATA[no such element: Unable to locate element: {"method":"css selector","selector":"#credit\-application\-applicants\-0\-app\-first\-name"}
  (Session info: chrome=103.0.5060.134)
For documentation on this error, please visit: https://selenium.dev/exceptions/#no_such_element
Build info: version: '4.2.2', revision: '683ccb65d6'
System info: host: 'DESKTOP-DMBCJ4C', ip: '192.168.1.13', os.name: 'Windows 10', os.arch: 'amd64', os.version: '10.0', java.version: '18.0.1.1'
Driver info: org.openqa.selenium.chrome.ChromeDriver
Command: [26802ac94ceb16b0a4a1e97e7a19be76, findElement {using=id, value=credit-application-applicants-0-app-first-name}]
Capabilities {acceptInsecureCerts: false, browserName: chrome, browserVersion: 103.0.5060.134, chrome: {chromedriverVersion: 103.0.5060.53 (a1711811edd7..., userDataDir: C:\Users\User\AppData\Local...}, goog:chromeOptions: {debuggerAddress: localhost:55760}, networkConnectionEnabled: false, pageLoadStrategy: normal, platformName: WINDOWS, proxy: Proxy(), se:cdp: ws://localhost:55760/devtoo..., se:cdpVersion: 103.0.5060.134, setWindowRect: true, strictFileInteractability: false, timeouts: {implicit: 0, pageLoad: 300000, script: 30000}, unhandledPromptBehavior: dismiss and notify, webauthn:extension:credBlob: true, webauthn:extension:largeBlob: true, webauthn:virtualAuthenticators: true}
Session ID: 26802ac94ceb16b0a4a1e97e7a19be76]]>
            </message>
            <full-stacktrace>
              <![CDATA[org.openqa.selenium.NoSuchElementException: no such element: Unable to locate element: {"method":"css selector","selector":"#credit\-application\-applicants\-0\-app\-first\-name"}
  (Session info: chrome=103.0.5060.134)
For documentation on this error, please visit: https://selenium.dev/exceptions/#no_such_element
Build info: version: '4.2.2', revision: '683ccb65d6'
System info: host: 'DESKTOP-DMBCJ4C', ip: '192.168.1.13', os.name: 'Windows 10', os.arch: 'amd64', os.version: '10.0', java.version: '18.0.1.1'
Driver info: org.openqa.selenium.chrome.ChromeDriver
Command: [26802ac94ceb16b0a4a1e97e7a19be76, findElement {using=id, value=credit-application-applicants-0-app-first-name}]
Capabilities {acceptInsecureCerts: false, browserName: chrome, browserVersion: 103.0.5060.134, chrome: {chromedriverVersion: 103.0.5060.53 (a1711811edd7..., userDataDir: C:\Users\User\AppData\Local...}, goog:chromeOptions: {debuggerAddress: localhost:55760}, networkConnectionEnabled: false, pageLoadStrategy: normal, platformName: WINDOWS, proxy: Proxy(), se:cdp: ws://localhost:55760/devtoo..., se:cdpVersion: 103.0.5060.134, setWindowRect: true, strictFileInteractability: false, timeouts: {implicit: 0, pageLoad: 300000, script: 30000}, unhandledPromptBehavior: dismiss and notify, webauthn:extension:credBlob: true, webauthn:extension:largeBlob: true, webauthn:virtualAuthenticators: true}
Session ID: 26802ac94ceb16b0a4a1e97e7a19be76
at java.base/jdk.internal.reflect.DirectConstructorHandleAccessor.newInstance(DirectConstructorHandleAccessor.java:67)
at java.base/java.lang.reflect.Constructor.newInstanceWithCaller(Constructor.java:499)
at java.base/java.lang.reflect.Constructor.newInstance(Constructor.java:483)
at org.openqa.selenium.remote.codec.w3c.W3CHttpResponseCodec.createException(W3CHttpResponseCodec.java:200)
at org.openqa.selenium.remote.codec.w3c.W3CHttpResponseCodec.decode(W3CHttpResponseCodec.java:133)
at org.openqa.selenium.remote.codec.w3c.W3CHttpResponseCodec.decode(W3CHttpResponseCodec.java:53)
at org.openqa.selenium.remote.HttpCommandExecutor.execute(HttpCommandExecutor.java:184)
at org.openqa.selenium.remote.service.DriverCommandExecutor.invokeExecute(DriverCommandExecutor.java:167)
at org.openqa.selenium.remote.service.DriverCommandExecutor.execute(DriverCommandExecutor.java:142)
at org.openqa.selenium.remote.RemoteWebDriver.execute(RemoteWebDriver.java:588)
at org.openqa.selenium.remote.ElementLocation$ElementFinder$2.findElement(ElementLocation.java:162)
at org.openqa.selenium.remote.ElementLocation.findElement(ElementLocation.java:60)
at org.openqa.selenium.remote.RemoteWebDriver.findElement(RemoteWebDriver.java:406)
at org.openqa.selenium.remote.RemoteWebDriver.findElement(RemoteWebDriver.java:398)
at org.openqa.selenium.support.pagefactory.DefaultElementLocator.findElement(DefaultElementLocator.java:70)
at org.openqa.selenium.support.pagefactory.internal.LocatingElementHandler.invoke(LocatingElementHandler.java:39)
at jdk.proxy2/jdk.proxy2.$Proxy16.clear(Unknown Source)
at com.Super_Admin.Increasing_price_at_COC_Page.Credit_Application_Tab(Increasing_price_at_COC_Page.java:451)
at com.Super_Admin.TC_Increasing_price_at_COC.Credit_Application_Tab(TC_Increasing_price_at_COC.java:60)
at java.base/jdk.internal.reflect.DirectMethodHandleAccessor.invoke(DirectMethodHandleAccessor.java:104)
at java.base/java.lang.reflect.Method.invoke(Method.java:577)
at org.testng.internal.invokers.MethodInvocationHelper.invokeMethod(MethodInvocationHelper.java:135)
at org.testng.internal.invokers.TestInvoker.invokeMethod(TestInvoker.java:673)
at org.testng.internal.invokers.TestInvoker.invokeTestMethod(TestInvoker.java:220)
at org.testng.internal.invokers.MethodRunner.runInSequence(MethodRunner.java:50)
at org.testng.internal.invokers.TestInvoker$MethodInvocationAgent.invoke(TestInvoker.java:945)
at org.testng.internal.invokers.TestInvoker.invokeTestMethods(TestInvoker.java:193)
at org.testng.internal.invokers.TestMethodWorker.invokeTestMethods(TestMethodWorker.java:146)
at org.testng.internal.invokers.TestMethodWorker.run(TestMethodWorker.java:128)
at java.base/java.util.ArrayList.forEach(ArrayList.java:1511)
at org.testng.TestRunner.privateRun(TestRunner.java:808)
at org.testng.TestRunner.run(TestRunner.java:603)
at org.testng.SuiteRunner.runTest(SuiteRunner.java:429)
at org.testng.SuiteRunner.runSequentially(SuiteRunner.java:423)
at org.testng.SuiteRunner.privateRun(SuiteRunner.java:383)
at org.testng.SuiteRunner.run(SuiteRunner.java:326)
at org.testng.SuiteRunnerWorker.runSuite(SuiteRunnerWorker.java:52)
at org.testng.SuiteRunnerWorker.run(SuiteRunnerWorker.java:95)
at org.testng.TestNG.runSuitesSequentially(TestNG.java:1249)
at org.testng.TestNG.runSuitesLocally(TestNG.java:1169)
at org.testng.TestNG.runSuites(TestNG.java:1092)
at org.testng.TestNG.run(TestNG.java:1060)
at org.testng.remote.AbstractRemoteTestNG.run(AbstractRemoteTestNG.java:115)
at org.testng.remote.RemoteTestNG.initAndRun(RemoteTestNG.java:251)
at org.testng.remote.RemoteTestNG.main(RemoteTestNG.java:77)
]]>
            </full-stacktrace>
          </exception> <!-- org.openqa.selenium.NoSuchElementException -->
          <reporter-output>
          </reporter-output>
        </test-method> <!-- Credit_Application_Tab -->
        <test-method signature="Login_to_Credit_Portal()[pri:4, instance:com.Super_Admin.TC_Increasing_price_at_COC@d29f28]" started-at="2022-07-20T17:39:32 IST" name="Login_to_Credit_Portal" finished-at="2022-07-20T17:39:39 IST" duration-ms="7576" status="PASS">
          <reporter-output>
          </reporter-output>
        </test-method> <!-- Login_to_Credit_Portal -->
        <test-method signature="View_Project()[pri:5, instance:com.Super_Admin.TC_Increasing_price_at_COC@d29f28]" started-at="2022-07-20T17:39:39 IST" name="View_Project" finished-at="2022-07-20T17:42:46 IST" duration-ms="186257" status="FAIL">
          <exception class="org.openqa.selenium.NoSuchSessionException">
            <message>
              <![CDATA[invalid session id
Build info: version: '4.2.2', revision: '683ccb65d6'
System info: host: 'DESKTOP-DMBCJ4C', ip: '192.168.1.13', os.name: 'Windows 10', os.arch: 'amd64', os.version: '10.0', java.version: '18.0.1.1'
Driver info: org.openqa.selenium.chrome.ChromeDriver
Command: [26802ac94ceb16b0a4a1e97e7a19be76, switchToWindow {handle=CDwindow-7D73335E927781A805488B05C035DD91}]
Capabilities {acceptInsecureCerts: false, browserName: chrome, browserVersion: 103.0.5060.134, chrome: {chromedriverVersion: 103.0.5060.53 (a1711811edd7..., userDataDir: C:\Users\User\AppData\Local...}, goog:chromeOptions: {debuggerAddress: localhost:55760}, networkConnectionEnabled: false, pageLoadStrategy: normal, platformName: WINDOWS, proxy: Proxy(), se:cdp: ws://localhost:55760/devtoo..., se:cdpVersion: 103.0.5060.134, setWindowRect: true, strictFileInteractability: false, timeouts: {implicit: 0, pageLoad: 300000, script: 30000}, unhandledPromptBehavior: dismiss and notify, webauthn:extension:credBlob: true, webauthn:extension:largeBlob: true, webauthn:virtualAuthenticators: true}
Session ID: 26802ac94ceb16b0a4a1e97e7a19be76]]>
            </message>
            <full-stacktrace>
              <![CDATA[org.openqa.selenium.NoSuchSessionException: invalid session id
Build info: version: '4.2.2', revision: '683ccb65d6'
System info: host: 'DESKTOP-DMBCJ4C', ip: '192.168.1.13', os.name: 'Windows 10', os.arch: 'amd64', os.version: '10.0', java.version: '18.0.1.1'
Driver info: org.openqa.selenium.chrome.ChromeDriver
Command: [26802ac94ceb16b0a4a1e97e7a19be76, switchToWindow {handle=CDwindow-7D73335E927781A805488B05C035DD91}]
Capabilities {acceptInsecureCerts: false, browserName: chrome, browserVersion: 103.0.5060.134, chrome: {chromedriverVersion: 103.0.5060.53 (a1711811edd7..., userDataDir: C:\Users\User\AppData\Local...}, goog:chromeOptions: {debuggerAddress: localhost:55760}, networkConnectionEnabled: false, pageLoadStrategy: normal, platformName: WINDOWS, proxy: Proxy(), se:cdp: ws://localhost:55760/devtoo..., se:cdpVersion: 103.0.5060.134, setWindowRect: true, strictFileInteractability: false, timeouts: {implicit: 0, pageLoad: 300000, script: 30000}, unhandledPromptBehavior: dismiss and notify, webauthn:extension:credBlob: true, webauthn:extension:largeBlob: true, webauthn:virtualAuthenticators: true}
Session ID: 26802ac94ceb16b0a4a1e97e7a19be76
at java.base/jdk.internal.reflect.DirectConstructorHandleAccessor.newInstance(DirectConstructorHandleAccessor.java:67)
at java.base/java.lang.reflect.Constructor.newInstanceWithCaller(Constructor.java:499)
at java.base/java.lang.reflect.Constructor.newInstance(Constructor.java:483)
at org.openqa.selenium.remote.codec.w3c.W3CHttpResponseCodec.createException(W3CHttpResponseCodec.java:200)
at org.openqa.selenium.remote.codec.w3c.W3CHttpResponseCodec.decode(W3CHttpResponseCodec.java:133)
at org.openqa.selenium.remote.codec.w3c.W3CHttpResponseCodec.decode(W3CHttpResponseCodec.java:53)
at org.openqa.selenium.remote.HttpCommandExecutor.execute(HttpCommandExecutor.java:184)
at org.openqa.selenium.remote.service.DriverCommandExecutor.invokeExecute(DriverCommandExecutor.java:167)
at org.openqa.selenium.remote.service.DriverCommandExecutor.execute(DriverCommandExecutor.java:142)
at org.openqa.selenium.remote.RemoteWebDriver.execute(RemoteWebDriver.java:588)
at org.openqa.selenium.remote.RemoteWebDriver$RemoteTargetLocator.window(RemoteWebDriver.java:1099)
at com.Super_Admin.Increasing_price_at_COC_Page.View_Project(Increasing_price_at_COC_Page.java:572)
at com.Super_Admin.TC_Increasing_price_at_COC.View_Project(TC_Increasing_price_at_COC.java:77)
at java.base/jdk.internal.reflect.DirectMethodHandleAccessor.invoke(DirectMethodHandleAccessor.java:104)
at java.base/java.lang.reflect.Method.invoke(Method.java:577)
at org.testng.internal.invokers.MethodInvocationHelper.invokeMethod(MethodInvocationHelper.java:135)
at org.testng.internal.invokers.TestInvoker.invokeMethod(TestInvoker.java:673)
at org.testng.internal.invokers.TestInvoker.invokeTestMethod(TestInvoker.java:220)
at org.testng.internal.invokers.MethodRunner.runInSequence(MethodRunner.java:50)
at org.testng.internal.invokers.TestInvoker$MethodInvocationAgent.invoke(TestInvoker.java:945)
at org.testng.internal.invokers.TestInvoker.invokeTestMethods(TestInvoker.java:193)
at org.testng.internal.invokers.TestMethodWorker.invokeTestMethods(TestMethodWorker.java:146)
at org.testng.internal.invokers.TestMethodWorker.run(TestMethodWorker.java:128)
at java.base/java.util.ArrayList.forEach(ArrayList.java:1511)
at org.testng.TestRunner.privateRun(TestRunner.java:808)
at org.testng.TestRunner.run(TestRunner.java:603)
at org.testng.SuiteRunner.runTest(SuiteRunner.java:429)
at org.testng.SuiteRunner.runSequentially(SuiteRunner.java:423)
at org.testng.SuiteRunner.privateRun(SuiteRunner.java:383)
at org.testng.SuiteRunner.run(SuiteRunner.java:326)
at org.testng.SuiteRunnerWorker.runSuite(SuiteRunnerWorker.java:52)
at org.testng.SuiteRunnerWorker.run(SuiteRunnerWorker.java:95)
at org.testng.TestNG.runSuitesSequentially(TestNG.java:1249)
at org.testng.TestNG.runSuitesLocally(TestNG.java:1169)
at org.testng.TestNG.runSuites(TestNG.java:1092)
at org.testng.TestNG.run(TestNG.java:1060)
at org.testng.remote.AbstractRemoteTestNG.run(AbstractRemoteTestNG.java:115)
at org.testng.remote.RemoteTestNG.initAndRun(RemoteTestNG.java:251)
at org.testng.remote.RemoteTestNG.main(RemoteTestNG.java:77)
]]>
            </full-stacktrace>
          </exception> <!-- org.openqa.selenium.NoSuchSessionException -->
          <reporter-output>
          </reporter-output>
        </test-method> <!-- View_Project -->
        <test-method signature="Submit_Contract()[pri:6, instance:com.Super_Admin.TC_Increasing_price_at_COC@d29f28]" started-at="2022-07-20T17:42:46 IST" name="Submit_Contract" finished-at="2022-07-20T17:42:49 IST" duration-ms="3008" status="FAIL">
          <exception class="org.openqa.selenium.NoSuchSessionException">
            <message>
              <![CDATA[invalid session id
Build info: version: '4.2.2', revision: '683ccb65d6'
System info: host: 'DESKTOP-DMBCJ4C', ip: '192.168.1.13', os.name: 'Windows 10', os.arch: 'amd64', os.version: '10.0', java.version: '18.0.1.1'
Driver info: org.openqa.selenium.chrome.ChromeDriver
Command: [26802ac94ceb16b0a4a1e97e7a19be76, findElement {using=xpath, value=//a[@id='send-contract-tab-link']}]
Capabilities {acceptInsecureCerts: false, browserName: chrome, browserVersion: 103.0.5060.134, chrome: {chromedriverVersion: 103.0.5060.53 (a1711811edd7..., userDataDir: C:\Users\User\AppData\Local...}, goog:chromeOptions: {debuggerAddress: localhost:55760}, networkConnectionEnabled: false, pageLoadStrategy: normal, platformName: WINDOWS, proxy: Proxy(), se:cdp: ws://localhost:55760/devtoo..., se:cdpVersion: 103.0.5060.134, setWindowRect: true, strictFileInteractability: false, timeouts: {implicit: 0, pageLoad: 300000, script: 30000}, unhandledPromptBehavior: dismiss and notify, webauthn:extension:credBlob: true, webauthn:extension:largeBlob: true, webauthn:virtualAuthenticators: true}
Session ID: 26802ac94ceb16b0a4a1e97e7a19be76]]>
            </message>
            <full-stacktrace>
              <![CDATA[org.openqa.selenium.NoSuchSessionException: invalid session id
Build info: version: '4.2.2', revision: '683ccb65d6'
System info: host: 'DESKTOP-DMBCJ4C', ip: '192.168.1.13', os.name: 'Windows 10', os.arch: 'amd64', os.version: '10.0', java.version: '18.0.1.1'
Driver info: org.openqa.selenium.chrome.ChromeDriver
Command: [26802ac94ceb16b0a4a1e97e7a19be76, findElement {using=xpath, value=//a[@id='send-contract-tab-link']}]
Capabilities {acceptInsecureCerts: false, browserName: chrome, browserVersion: 103.0.5060.134, chrome: {chromedriverVersion: 103.0.5060.53 (a1711811edd7..., userDataDir: C:\Users\User\AppData\Local...}, goog:chromeOptions: {debuggerAddress: localhost:55760}, networkConnectionEnabled: false, pageLoadStrategy: normal, platformName: WINDOWS, proxy: Proxy(), se:cdp: ws://localhost:55760/devtoo..., se:cdpVersion: 103.0.5060.134, setWindowRect: true, strictFileInteractability: false, timeouts: {implicit: 0, pageLoad: 300000, script: 30000}, unhandledPromptBehavior: dismiss and notify, webauthn:extension:credBlob: true, webauthn:extension:largeBlob: true, webauthn:virtualAuthenticators: true}
Session ID: 26802ac94ceb16b0a4a1e97e7a19be76
at java.base/jdk.internal.reflect.DirectConstructorHandleAccessor.newInstance(DirectConstructorHandleAccessor.java:67)
at java.base/java.lang.reflect.Constructor.newInstanceWithCaller(Constructor.java:499)
at java.base/java.lang.reflect.Constructor.newInstance(Constructor.java:483)
at org.openqa.selenium.remote.codec.w3c.W3CHttpResponseCodec.createException(W3CHttpResponseCodec.java:200)
at org.openqa.selenium.remote.codec.w3c.W3CHttpResponseCodec.decode(W3CHttpResponseCodec.java:133)
at org.openqa.selenium.remote.codec.w3c.W3CHttpResponseCodec.decode(W3CHttpResponseCodec.java:53)
at org.openqa.selenium.remote.HttpCommandExecutor.execute(HttpCommandExecutor.java:184)
at org.openqa.selenium.remote.service.DriverCommandExecutor.invokeExecute(DriverCommandExecutor.java:167)
at org.openqa.selenium.remote.service.DriverCommandExecutor.execute(DriverCommandExecutor.java:142)
at org.openqa.selenium.remote.RemoteWebDriver.execute(RemoteWebDriver.java:588)
at org.openqa.selenium.remote.ElementLocation$ElementFinder$2.findElement(ElementLocation.java:162)
at org.openqa.selenium.remote.ElementLocation.findElement(ElementLocation.java:60)
at org.openqa.selenium.remote.RemoteWebDriver.findElement(RemoteWebDriver.java:406)
at org.openqa.selenium.remote.RemoteWebDriver.findElement(RemoteWebDriver.java:398)
at org.openqa.selenium.support.pagefactory.DefaultElementLocator.findElement(DefaultElementLocator.java:70)
at org.openqa.selenium.support.pagefactory.internal.LocatingElementHandler.invoke(LocatingElementHandler.java:39)
at jdk.proxy2/jdk.proxy2.$Proxy16.click(Unknown Source)
at com.Super_Admin.Increasing_price_at_COC_Page.Submit_Contract(Increasing_price_at_COC_Page.java:581)
at com.Super_Admin.TC_Increasing_price_at_COC.Submit_Contract(TC_Increasing_price_at_COC.java:85)
at java.base/jdk.internal.reflect.DirectMethodHandleAccessor.invoke(DirectMethodHandleAccessor.java:104)
at java.base/java.lang.reflect.Method.invoke(Method.java:577)
at org.testng.internal.invokers.MethodInvocationHelper.invokeMethod(MethodInvocationHelper.java:135)
at org.testng.internal.invokers.TestInvoker.invokeMethod(TestInvoker.java:673)
at org.testng.internal.invokers.TestInvoker.invokeTestMethod(TestInvoker.java:220)
at org.testng.internal.invokers.MethodRunner.runInSequence(MethodRunner.java:50)
at org.testng.internal.invokers.TestInvoker$MethodInvocationAgent.invoke(TestInvoker.java:945)
at org.testng.internal.invokers.TestInvoker.invokeTestMethods(TestInvoker.java:193)
at org.testng.internal.invokers.TestMethodWorker.invokeTestMethods(TestMethodWorker.java:146)
at org.testng.internal.invokers.TestMethodWorker.run(TestMethodWorker.java:128)
at java.base/java.util.ArrayList.forEach(ArrayList.java:1511)
at org.testng.TestRunner.privateRun(TestRunner.java:808)
at org.testng.TestRunner.run(TestRunner.java:603)
at org.testng.SuiteRunner.runTest(SuiteRunner.java:429)
at org.testng.SuiteRunner.runSequentially(SuiteRunner.java:423)
at org.testng.SuiteRunner.privateRun(SuiteRunner.java:383)
at org.testng.SuiteRunner.run(SuiteRunner.java:326)
at org.testng.SuiteRunnerWorker.runSuite(SuiteRunnerWorker.java:52)
at org.testng.SuiteRunnerWorker.run(SuiteRunnerWorker.java:95)
at org.testng.TestNG.runSuitesSequentially(TestNG.java:1249)
at org.testng.TestNG.runSuitesLocally(TestNG.java:1169)
at org.testng.TestNG.runSuites(TestNG.java:1092)
at org.testng.TestNG.run(TestNG.java:1060)
at org.testng.remote.AbstractRemoteTestNG.run(AbstractRemoteTestNG.java:115)
at org.testng.remote.RemoteTestNG.initAndRun(RemoteTestNG.java:251)
at org.testng.remote.RemoteTestNG.main(RemoteTestNG.java:77)
]]>
            </full-stacktrace>
          </exception> <!-- org.openqa.selenium.NoSuchSessionException -->
          <reporter-output>
          </reporter-output>
        </test-method> <!-- Submit_Contract -->
        <test-method signature="Submit_NTP()[pri:7, instance:com.Super_Admin.TC_Increasing_price_at_COC@d29f28]" started-at="2022-07-20T17:42:49 IST" name="Submit_NTP" finished-at="2022-07-20T17:42:53 IST" duration-ms="4028" status="FAIL">
          <exception class="org.openqa.selenium.NoSuchSessionException">
            <message>
              <![CDATA[invalid session id
Build info: version: '4.2.2', revision: '683ccb65d6'
System info: host: 'DESKTOP-DMBCJ4C', ip: '192.168.1.13', os.name: 'Windows 10', os.arch: 'amd64', os.version: '10.0', java.version: '18.0.1.1'
Driver info: org.openqa.selenium.chrome.ChromeDriver
Command: [26802ac94ceb16b0a4a1e97e7a19be76, refresh {}]
Capabilities {acceptInsecureCerts: false, browserName: chrome, browserVersion: 103.0.5060.134, chrome: {chromedriverVersion: 103.0.5060.53 (a1711811edd7..., userDataDir: C:\Users\User\AppData\Local...}, goog:chromeOptions: {debuggerAddress: localhost:55760}, networkConnectionEnabled: false, pageLoadStrategy: normal, platformName: WINDOWS, proxy: Proxy(), se:cdp: ws://localhost:55760/devtoo..., se:cdpVersion: 103.0.5060.134, setWindowRect: true, strictFileInteractability: false, timeouts: {implicit: 0, pageLoad: 300000, script: 30000}, unhandledPromptBehavior: dismiss and notify, webauthn:extension:credBlob: true, webauthn:extension:largeBlob: true, webauthn:virtualAuthenticators: true}
Session ID: 26802ac94ceb16b0a4a1e97e7a19be76]]>
            </message>
            <full-stacktrace>
              <![CDATA[org.openqa.selenium.NoSuchSessionException: invalid session id
Build info: version: '4.2.2', revision: '683ccb65d6'
System info: host: 'DESKTOP-DMBCJ4C', ip: '192.168.1.13', os.name: 'Windows 10', os.arch: 'amd64', os.version: '10.0', java.version: '18.0.1.1'
Driver info: org.openqa.selenium.chrome.ChromeDriver
Command: [26802ac94ceb16b0a4a1e97e7a19be76, refresh {}]
Capabilities {acceptInsecureCerts: false, browserName: chrome, browserVersion: 103.0.5060.134, chrome: {chromedriverVersion: 103.0.5060.53 (a1711811edd7..., userDataDir: C:\Users\User\AppData\Local...}, goog:chromeOptions: {debuggerAddress: localhost:55760}, networkConnectionEnabled: false, pageLoadStrategy: normal, platformName: WINDOWS, proxy: Proxy(), se:cdp: ws://localhost:55760/devtoo..., se:cdpVersion: 103.0.5060.134, setWindowRect: true, strictFileInteractability: false, timeouts: {implicit: 0, pageLoad: 300000, script: 30000}, unhandledPromptBehavior: dismiss and notify, webauthn:extension:credBlob: true, webauthn:extension:largeBlob: true, webauthn:virtualAuthenticators: true}
Session ID: 26802ac94ceb16b0a4a1e97e7a19be76
at java.base/jdk.internal.reflect.DirectConstructorHandleAccessor.newInstance(DirectConstructorHandleAccessor.java:67)
at java.base/java.lang.reflect.Constructor.newInstanceWithCaller(Constructor.java:499)
at java.base/java.lang.reflect.Constructor.newInstance(Constructor.java:483)
at org.openqa.selenium.remote.codec.w3c.W3CHttpResponseCodec.createException(W3CHttpResponseCodec.java:200)
at org.openqa.selenium.remote.codec.w3c.W3CHttpResponseCodec.decode(W3CHttpResponseCodec.java:133)
at org.openqa.selenium.remote.codec.w3c.W3CHttpResponseCodec.decode(W3CHttpResponseCodec.java:53)
at org.openqa.selenium.remote.HttpCommandExecutor.execute(HttpCommandExecutor.java:184)
at org.openqa.selenium.remote.service.DriverCommandExecutor.invokeExecute(DriverCommandExecutor.java:167)
at org.openqa.selenium.remote.service.DriverCommandExecutor.execute(DriverCommandExecutor.java:142)
at org.openqa.selenium.remote.RemoteWebDriver.execute(RemoteWebDriver.java:588)
at org.openqa.selenium.remote.RemoteWebDriver.execute(RemoteWebDriver.java:643)
at org.openqa.selenium.remote.RemoteWebDriver.execute(RemoteWebDriver.java:647)
at org.openqa.selenium.remote.RemoteWebDriver$RemoteNavigation.refresh(RemoteWebDriver.java:1056)
at com.Super_Admin.Increasing_price_at_COC_Page.Submit_NTP(Increasing_price_at_COC_Page.java:716)
at com.Super_Admin.TC_Increasing_price_at_COC.Submit_NTP(TC_Increasing_price_at_COC.java:93)
at java.base/jdk.internal.reflect.DirectMethodHandleAccessor.invoke(DirectMethodHandleAccessor.java:104)
at java.base/java.lang.reflect.Method.invoke(Method.java:577)
at org.testng.internal.invokers.MethodInvocationHelper.invokeMethod(MethodInvocationHelper.java:135)
at org.testng.internal.invokers.TestInvoker.invokeMethod(TestInvoker.java:673)
at org.testng.internal.invokers.TestInvoker.invokeTestMethod(TestInvoker.java:220)
at org.testng.internal.invokers.MethodRunner.runInSequence(MethodRunner.java:50)
at org.testng.internal.invokers.TestInvoker$MethodInvocationAgent.invoke(TestInvoker.java:945)
at org.testng.internal.invokers.TestInvoker.invokeTestMethods(TestInvoker.java:193)
at org.testng.internal.invokers.TestMethodWorker.invokeTestMethods(TestMethodWorker.java:146)
at org.testng.internal.invokers.TestMethodWorker.run(TestMethodWorker.java:128)
at java.base/java.util.ArrayList.forEach(ArrayList.java:1511)
at org.testng.TestRunner.privateRun(TestRunner.java:808)
at org.testng.TestRunner.run(TestRunner.java:603)
at org.testng.SuiteRunner.runTest(SuiteRunner.java:429)
at org.testng.SuiteRunner.runSequentially(SuiteRunner.java:423)
at org.testng.SuiteRunner.privateRun(SuiteRunner.java:383)
at org.testng.SuiteRunner.run(SuiteRunner.java:326)
at org.testng.SuiteRunnerWorker.runSuite(SuiteRunnerWorker.java:52)
at org.testng.SuiteRunnerWorker.run(SuiteRunnerWorker.java:95)
at org.testng.TestNG.runSuitesSequentially(TestNG.java:1249)
at org.testng.TestNG.runSuitesLocally(TestNG.java:1169)
at org.testng.TestNG.runSuites(TestNG.java:1092)
at org.testng.TestNG.run(TestNG.java:1060)
at org.testng.remote.AbstractRemoteTestNG.run(AbstractRemoteTestNG.java:115)
at org.testng.remote.RemoteTestNG.initAndRun(RemoteTestNG.java:251)
at org.testng.remote.RemoteTestNG.main(RemoteTestNG.java:77)
]]>
            </full-stacktrace>
          </exception> <!-- org.openqa.selenium.NoSuchSessionException -->
          <reporter-output>
          </reporter-output>
        </test-method> <!-- Submit_NTP -->
        <test-method signature="Funding_Tab()[pri:8, instance:com.Super_Admin.TC_Increasing_price_at_COC@d29f28]" started-at="2022-07-20T17:42:53 IST" name="Funding_Tab" finished-at="2022-07-20T17:42:55 IST" duration-ms="2004" status="FAIL">
          <exception class="org.openqa.selenium.NoSuchSessionException">
            <message>
              <![CDATA[invalid session id
Build info: version: '4.2.2', revision: '683ccb65d6'
System info: host: 'DESKTOP-DMBCJ4C', ip: '192.168.1.13', os.name: 'Windows 10', os.arch: 'amd64', os.version: '10.0', java.version: '18.0.1.1'
Driver info: org.openqa.selenium.chrome.ChromeDriver
Command: [26802ac94ceb16b0a4a1e97e7a19be76, findElement {using=id, value=generate-coi}]
Capabilities {acceptInsecureCerts: false, browserName: chrome, browserVersion: 103.0.5060.134, chrome: {chromedriverVersion: 103.0.5060.53 (a1711811edd7..., userDataDir: C:\Users\User\AppData\Local...}, goog:chromeOptions: {debuggerAddress: localhost:55760}, networkConnectionEnabled: false, pageLoadStrategy: normal, platformName: WINDOWS, proxy: Proxy(), se:cdp: ws://localhost:55760/devtoo..., se:cdpVersion: 103.0.5060.134, setWindowRect: true, strictFileInteractability: false, timeouts: {implicit: 0, pageLoad: 300000, script: 30000}, unhandledPromptBehavior: dismiss and notify, webauthn:extension:credBlob: true, webauthn:extension:largeBlob: true, webauthn:virtualAuthenticators: true}
Session ID: 26802ac94ceb16b0a4a1e97e7a19be76]]>
            </message>
            <full-stacktrace>
              <![CDATA[org.openqa.selenium.NoSuchSessionException: invalid session id
Build info: version: '4.2.2', revision: '683ccb65d6'
System info: host: 'DESKTOP-DMBCJ4C', ip: '192.168.1.13', os.name: 'Windows 10', os.arch: 'amd64', os.version: '10.0', java.version: '18.0.1.1'
Driver info: org.openqa.selenium.chrome.ChromeDriver
Command: [26802ac94ceb16b0a4a1e97e7a19be76, findElement {using=id, value=generate-coi}]
Capabilities {acceptInsecureCerts: false, browserName: chrome, browserVersion: 103.0.5060.134, chrome: {chromedriverVersion: 103.0.5060.53 (a1711811edd7..., userDataDir: C:\Users\User\AppData\Local...}, goog:chromeOptions: {debuggerAddress: localhost:55760}, networkConnectionEnabled: false, pageLoadStrategy: normal, platformName: WINDOWS, proxy: Proxy(), se:cdp: ws://localhost:55760/devtoo..., se:cdpVersion: 103.0.5060.134, setWindowRect: true, strictFileInteractability: false, timeouts: {implicit: 0, pageLoad: 300000, script: 30000}, unhandledPromptBehavior: dismiss and notify, webauthn:extension:credBlob: true, webauthn:extension:largeBlob: true, webauthn:virtualAuthenticators: true}
Session ID: 26802ac94ceb16b0a4a1e97e7a19be76
at java.base/jdk.internal.reflect.DirectConstructorHandleAccessor.newInstance(DirectConstructorHandleAccessor.java:67)
at java.base/java.lang.reflect.Constructor.newInstanceWithCaller(Constructor.java:499)
at java.base/java.lang.reflect.Constructor.newInstance(Constructor.java:483)
at org.openqa.selenium.remote.codec.w3c.W3CHttpResponseCodec.createException(W3CHttpResponseCodec.java:200)
at org.openqa.selenium.remote.codec.w3c.W3CHttpResponseCodec.decode(W3CHttpResponseCodec.java:133)
at org.openqa.selenium.remote.codec.w3c.W3CHttpResponseCodec.decode(W3CHttpResponseCodec.java:53)
at org.openqa.selenium.remote.HttpCommandExecutor.execute(HttpCommandExecutor.java:184)
at org.openqa.selenium.remote.service.DriverCommandExecutor.invokeExecute(DriverCommandExecutor.java:167)
at org.openqa.selenium.remote.service.DriverCommandExecutor.execute(DriverCommandExecutor.java:142)
at org.openqa.selenium.remote.RemoteWebDriver.execute(RemoteWebDriver.java:588)
at org.openqa.selenium.remote.ElementLocation$ElementFinder$2.findElement(ElementLocation.java:162)
at org.openqa.selenium.remote.ElementLocation.findElement(ElementLocation.java:60)
at org.openqa.selenium.remote.RemoteWebDriver.findElement(RemoteWebDriver.java:406)
at org.openqa.selenium.remote.RemoteWebDriver.findElement(RemoteWebDriver.java:398)
at org.openqa.selenium.support.pagefactory.DefaultElementLocator.findElement(DefaultElementLocator.java:70)
at org.openqa.selenium.support.pagefactory.internal.LocatingElementHandler.invoke(LocatingElementHandler.java:39)
at jdk.proxy2/jdk.proxy2.$Proxy16.click(Unknown Source)
at com.Super_Admin.Increasing_price_at_COC_Page.Funding_Tab(Increasing_price_at_COC_Page.java:879)
at com.Super_Admin.TC_Increasing_price_at_COC.Funding_Tab(TC_Increasing_price_at_COC.java:102)
at java.base/jdk.internal.reflect.DirectMethodHandleAccessor.invoke(DirectMethodHandleAccessor.java:104)
at java.base/java.lang.reflect.Method.invoke(Method.java:577)
at org.testng.internal.invokers.MethodInvocationHelper.invokeMethod(MethodInvocationHelper.java:135)
at org.testng.internal.invokers.TestInvoker.invokeMethod(TestInvoker.java:673)
at org.testng.internal.invokers.TestInvoker.invokeTestMethod(TestInvoker.java:220)
at org.testng.internal.invokers.MethodRunner.runInSequence(MethodRunner.java:50)
at org.testng.internal.invokers.TestInvoker$MethodInvocationAgent.invoke(TestInvoker.java:945)
at org.testng.internal.invokers.TestInvoker.invokeTestMethods(TestInvoker.java:193)
at org.testng.internal.invokers.TestMethodWorker.invokeTestMethods(TestMethodWorker.java:146)
at org.testng.internal.invokers.TestMethodWorker.run(TestMethodWorker.java:128)
at java.base/java.util.ArrayList.forEach(ArrayList.java:1511)
at org.testng.TestRunner.privateRun(TestRunner.java:808)
at org.testng.TestRunner.run(TestRunner.java:603)
at org.testng.SuiteRunner.runTest(SuiteRunner.java:429)
at org.testng.SuiteRunner.runSequentially(SuiteRunner.java:423)
at org.testng.SuiteRunner.privateRun(SuiteRunner.java:383)
at org.testng.SuiteRunner.run(SuiteRunner.java:326)
at org.testng.SuiteRunnerWorker.runSuite(SuiteRunnerWorker.java:52)
at org.testng.SuiteRunnerWorker.run(SuiteRunnerWorker.java:95)
at org.testng.TestNG.runSuitesSequentially(TestNG.java:1249)
at org.testng.TestNG.runSuitesLocally(TestNG.java:1169)
at org.testng.TestNG.runSuites(TestNG.java:1092)
at org.testng.TestNG.run(TestNG.java:1060)
at org.testng.remote.AbstractRemoteTestNG.run(AbstractRemoteTestNG.java:115)
at org.testng.remote.RemoteTestNG.initAndRun(RemoteTestNG.java:251)
at org.testng.remote.RemoteTestNG.main(RemoteTestNG.java:77)
]]>
            </full-stacktrace>
          </exception> <!-- org.openqa.selenium.NoSuchSessionException -->
          <reporter-output>
          </reporter-output>
        </test-method> <!-- Funding_Tab -->
      </class> <!-- com.Super_Admin.TC_Increasing_price_at_COC -->
    </test> <!-- TC_Increasing_price_at_COC -->
    <test started-at="2022-07-20T17:42:55 IST" name="TC_Decrease_Price_at_COC" finished-at="2022-07-20T17:55:47 IST" duration-ms="772324">
      <class name="com.Super_Admin.TC_Decrease_Price_at_COC">
        <test-method is-config="true" signature="TestSetup()[pri:0, instance:com.Super_Admin.TC_Decrease_Price_at_COC@2df9b86]" started-at="2022-07-20T17:42:55 IST" name="TestSetup" finished-at="2022-07-20T17:43:16 IST" duration-ms="21089" status="PASS">
          <reporter-output>
          </reporter-output>
        </test-method> <!-- TestSetup -->
        <test-method signature="New_Project()[pri:1, instance:com.Super_Admin.TC_Decrease_Price_at_COC@2df9b86]" started-at="2022-07-20T17:43:16 IST" name="New_Project" finished-at="2022-07-20T17:43:22 IST" duration-ms="6323" status="PASS">
          <reporter-output>
          </reporter-output>
        </test-method> <!-- New_Project -->
        <test-method signature="Select_Contractor()[pri:2, instance:com.Super_Admin.TC_Decrease_Price_at_COC@2df9b86]" started-at="2022-07-20T17:43:22 IST" name="Select_Contractor" finished-at="2022-07-20T17:44:09 IST" duration-ms="46608" status="PASS">
          <reporter-output>
          </reporter-output>
        </test-method> <!-- Select_Contractor -->
        <test-method signature="Credit_Application_Tab()[pri:3, instance:com.Super_Admin.TC_Decrease_Price_at_COC@2df9b86]" started-at="2022-07-20T17:44:09 IST" name="Credit_Application_Tab" finished-at="2022-07-20T17:44:57 IST" duration-ms="48110" status="PASS">
          <reporter-output>
          </reporter-output>
        </test-method> <!-- Credit_Application_Tab -->
        <test-method signature="Login_to_Credit_Portal()[pri:4, instance:com.Super_Admin.TC_Decrease_Price_at_COC@2df9b86]" started-at="2022-07-20T17:44:57 IST" name="Login_to_Credit_Portal" finished-at="2022-07-20T17:45:06 IST" duration-ms="8517" status="PASS">
          <reporter-output>
          </reporter-output>
        </test-method> <!-- Login_to_Credit_Portal -->
        <test-method signature="View_Project()[pri:5, instance:com.Super_Admin.TC_Decrease_Price_at_COC@2df9b86]" started-at="2022-07-20T17:45:06 IST" name="View_Project" finished-at="2022-07-20T17:48:11 IST" duration-ms="185615" status="PASS">
          <reporter-output>
          </reporter-output>
        </test-method> <!-- View_Project -->
        <test-method signature="Submit_Contract()[pri:6, instance:com.Super_Admin.TC_Decrease_Price_at_COC@2df9b86]" started-at="2022-07-20T17:48:11 IST" name="Submit_Contract" finished-at="2022-07-20T17:50:18 IST" duration-ms="126501" status="PASS">
          <reporter-output>
          </reporter-output>
        </test-method> <!-- Submit_Contract -->
        <test-method signature="Submit_NTP()[pri:7, instance:com.Super_Admin.TC_Decrease_Price_at_COC@2df9b86]" started-at="2022-07-20T17:50:18 IST" name="Submit_NTP" finished-at="2022-07-20T17:53:29 IST" duration-ms="191835" status="PASS">
          <reporter-output>
          </reporter-output>
        </test-method> <!-- Submit_NTP -->
        <test-method signature="Funding_Tab()[pri:8, instance:com.Super_Admin.TC_Decrease_Price_at_COC@2df9b86]" started-at="2022-07-20T17:53:29 IST" name="Funding_Tab" finished-at="2022-07-20T17:55:47 IST" duration-ms="137704" status="FAIL">
          <exception class="org.openqa.selenium.ElementNotInteractableException">
            <message>
              <![CDATA[element not interactable: javascript:; has no size and location
  (Session info: chrome=103.0.5060.134)
Build info: version: '4.2.2', revision: '683ccb65d6'
System info: host: 'DESKTOP-DMBCJ4C', ip: '192.168.1.13', os.name: 'Windows 10', os.arch: 'amd64', os.version: '10.0', java.version: '18.0.1.1'
Driver info: org.openqa.selenium.chrome.ChromeDriver
Command: [bd9516903f0ef00fc1c719a9e2b98180, actions {actions=[org.openqa.selenium.interactions.Sequence@51768401]}]
Capabilities {acceptInsecureCerts: false, browserName: chrome, browserVersion: 103.0.5060.134, chrome: {chromedriverVersion: 103.0.5060.53 (a1711811edd7..., userDataDir: C:\Users\User\AppData\Local...}, goog:chromeOptions: {debuggerAddress: localhost:55858}, networkConnectionEnabled: false, pageLoadStrategy: normal, platformName: WINDOWS, proxy: Proxy(), se:cdp: ws://localhost:55858/devtoo..., se:cdpVersion: 103.0.5060.134, setWindowRect: true, strictFileInteractability: false, timeouts: {implicit: 0, pageLoad: 300000, script: 30000}, unhandledPromptBehavior: dismiss and notify, webauthn:extension:credBlob: true, webauthn:extension:largeBlob: true, webauthn:virtualAuthenticators: true}
Session ID: bd9516903f0ef00fc1c719a9e2b98180]]>
            </message>
            <full-stacktrace>
              <![CDATA[org.openqa.selenium.ElementNotInteractableException: element not interactable: javascript:; has no size and location
  (Session info: chrome=103.0.5060.134)
Build info: version: '4.2.2', revision: '683ccb65d6'
System info: host: 'DESKTOP-DMBCJ4C', ip: '192.168.1.13', os.name: 'Windows 10', os.arch: 'amd64', os.version: '10.0', java.version: '18.0.1.1'
Driver info: org.openqa.selenium.chrome.ChromeDriver
Command: [bd9516903f0ef00fc1c719a9e2b98180, actions {actions=[org.openqa.selenium.interactions.Sequence@51768401]}]
Capabilities {acceptInsecureCerts: false, browserName: chrome, browserVersion: 103.0.5060.134, chrome: {chromedriverVersion: 103.0.5060.53 (a1711811edd7..., userDataDir: C:\Users\User\AppData\Local...}, goog:chromeOptions: {debuggerAddress: localhost:55858}, networkConnectionEnabled: false, pageLoadStrategy: normal, platformName: WINDOWS, proxy: Proxy(), se:cdp: ws://localhost:55858/devtoo..., se:cdpVersion: 103.0.5060.134, setWindowRect: true, strictFileInteractability: false, timeouts: {implicit: 0, pageLoad: 300000, script: 30000}, unhandledPromptBehavior: dismiss and notify, webauthn:extension:credBlob: true, webauthn:extension:largeBlob: true, webauthn:virtualAuthenticators: true}
Session ID: bd9516903f0ef00fc1c719a9e2b98180
at java.base/jdk.internal.reflect.DirectConstructorHandleAccessor.newInstance(DirectConstructorHandleAccessor.java:67)
at java.base/java.lang.reflect.Constructor.newInstanceWithCaller(Constructor.java:499)
at java.base/java.lang.reflect.Constructor.newInstance(Constructor.java:483)
at org.openqa.selenium.remote.codec.w3c.W3CHttpResponseCodec.createException(W3CHttpResponseCodec.java:200)
at org.openqa.selenium.remote.codec.w3c.W3CHttpResponseCodec.decode(W3CHttpResponseCodec.java:133)
at org.openqa.selenium.remote.codec.w3c.W3CHttpResponseCodec.decode(W3CHttpResponseCodec.java:53)
at org.openqa.selenium.remote.HttpCommandExecutor.execute(HttpCommandExecutor.java:184)
at org.openqa.selenium.remote.service.DriverCommandExecutor.invokeExecute(DriverCommandExecutor.java:167)
at org.openqa.selenium.remote.service.DriverCommandExecutor.execute(DriverCommandExecutor.java:142)
at org.openqa.selenium.remote.RemoteWebDriver.execute(RemoteWebDriver.java:588)
at org.openqa.selenium.remote.RemoteWebDriver.perform(RemoteWebDriver.java:656)
at org.openqa.selenium.interactions.Actions$BuiltAction.perform(Actions.java:718)
at org.openqa.selenium.interactions.Actions.perform(Actions.java:674)
at com.Super_Admin.Decrease_Price_at_COC_Page.Funding_Tab(Decrease_Price_at_COC_Page.java:1035)
at com.Super_Admin.TC_Decrease_Price_at_COC.Funding_Tab(TC_Decrease_Price_at_COC.java:100)
at java.base/jdk.internal.reflect.DirectMethodHandleAccessor.invoke(DirectMethodHandleAccessor.java:104)
at java.base/java.lang.reflect.Method.invoke(Method.java:577)
at org.testng.internal.invokers.MethodInvocationHelper.invokeMethod(MethodInvocationHelper.java:135)
at org.testng.internal.invokers.TestInvoker.invokeMethod(TestInvoker.java:673)
at org.testng.internal.invokers.TestInvoker.invokeTestMethod(TestInvoker.java:220)
at org.testng.internal.invokers.MethodRunner.runInSequence(MethodRunner.java:50)
at org.testng.internal.invokers.TestInvoker$MethodInvocationAgent.invoke(TestInvoker.java:945)
at org.testng.internal.invokers.TestInvoker.invokeTestMethods(TestInvoker.java:193)
at org.testng.internal.invokers.TestMethodWorker.invokeTestMethods(TestMethodWorker.java:146)
at org.testng.internal.invokers.TestMethodWorker.run(TestMethodWorker.java:128)
at java.base/java.util.ArrayList.forEach(ArrayList.java:1511)
at org.testng.TestRunner.privateRun(TestRunner.java:808)
at org.testng.TestRunner.run(TestRunner.java:603)
at org.testng.SuiteRunner.runTest(SuiteRunner.java:429)
at org.testng.SuiteRunner.runSequentially(SuiteRunner.java:423)
at org.testng.SuiteRunner.privateRun(SuiteRunner.java:383)
at org.testng.SuiteRunner.run(SuiteRunner.java:326)
at org.testng.SuiteRunnerWorker.runSuite(SuiteRunnerWorker.java:52)
at org.testng.SuiteRunnerWorker.run(SuiteRunnerWorker.java:95)
at org.testng.TestNG.runSuitesSequentially(TestNG.java:1249)
at org.testng.TestNG.runSuitesLocally(TestNG.java:1169)
at org.testng.TestNG.runSuites(TestNG.java:1092)
at org.testng.TestNG.run(TestNG.java:1060)
at org.testng.remote.AbstractRemoteTestNG.run(AbstractRemoteTestNG.java:115)
at org.testng.remote.RemoteTestNG.initAndRun(RemoteTestNG.java:251)
at org.testng.remote.RemoteTestNG.main(RemoteTestNG.java:77)
]]>
            </full-stacktrace>
          </exception> <!-- org.openqa.selenium.ElementNotInteractableException -->
          <reporter-output>
          </reporter-output>
        </test-method> <!-- Funding_Tab -->
      </class> <!-- com.Super_Admin.TC_Decrease_Price_at_COC -->
    </test> <!-- TC_Decrease_Price_at_COC -->
    <test started-at="2022-07-20T17:55:47 IST" name="TC_Project_By_Vanity_URL" finished-at="2022-07-20T18:03:22 IST" duration-ms="455100">
      <class name="com.Super_Admin.TC_Project_By_Vanity_URL">
        <test-method is-config="true" signature="TestSetup()[pri:0, instance:com.Super_Admin.TC_Project_By_Vanity_URL@3059cbc]" started-at="2022-07-20T17:55:47 IST" name="TestSetup" finished-at="2022-07-20T17:55:56 IST" duration-ms="8744" status="PASS">
          <reporter-output>
          </reporter-output>
        </test-method> <!-- TestSetup -->
        <test-method signature="Submit_Application()[pri:1, instance:com.Super_Admin.TC_Project_By_Vanity_URL@3059cbc]" started-at="2022-07-20T17:55:56 IST" name="Submit_Application" finished-at="2022-07-20T17:57:13 IST" duration-ms="76801" status="PASS">
          <reporter-output>
          </reporter-output>
        </test-method> <!-- Submit_Application -->
        <test-method signature="Login_to_Credit_Portal()[pri:2, instance:com.Super_Admin.TC_Project_By_Vanity_URL@3059cbc]" started-at="2022-07-20T17:57:13 IST" name="Login_to_Credit_Portal" finished-at="2022-07-20T17:57:20 IST" duration-ms="7589" status="PASS">
          <reporter-output>
          </reporter-output>
        </test-method> <!-- Login_to_Credit_Portal -->
        <test-method signature="View_Project()[pri:3, instance:com.Super_Admin.TC_Project_By_Vanity_URL@3059cbc]" started-at="2022-07-20T17:57:20 IST" name="View_Project" finished-at="2022-07-20T18:00:24 IST" duration-ms="183607" status="PASS">
          <reporter-output>
          </reporter-output>
        </test-method> <!-- View_Project -->
        <test-method signature="Contract_page()[pri:4, instance:com.Super_Admin.TC_Project_By_Vanity_URL@3059cbc]" started-at="2022-07-20T18:00:24 IST" name="Contract_page" finished-at="2022-07-20T18:01:36 IST" duration-ms="72155" status="FAIL">
          <exception class="org.openqa.selenium.NoSuchElementException">
            <message>
              <![CDATA[no such element: Unable to locate element: {"method":"xpath","selector":"//div[contains(text(),'Select Product Type')]"}
  (Session info: chrome=103.0.5060.134)
For documentation on this error, please visit: https://selenium.dev/exceptions/#no_such_element
Build info: version: '4.2.2', revision: '683ccb65d6'
System info: host: 'DESKTOP-DMBCJ4C', ip: '192.168.1.13', os.name: 'Windows 10', os.arch: 'amd64', os.version: '10.0', java.version: '18.0.1.1'
Driver info: org.openqa.selenium.chrome.ChromeDriver
Command: [83d54a727a18472380f8f483b387231b, findElement {using=xpath, value=//div[contains(text(),'Select Product Type')]}]
Capabilities {acceptInsecureCerts: false, browserName: chrome, browserVersion: 103.0.5060.134, chrome: {chromedriverVersion: 103.0.5060.53 (a1711811edd7..., userDataDir: C:\Users\User\AppData\Local...}, goog:chromeOptions: {debuggerAddress: localhost:56145}, networkConnectionEnabled: false, pageLoadStrategy: normal, platformName: WINDOWS, proxy: Proxy(), se:cdp: ws://localhost:56145/devtoo..., se:cdpVersion: 103.0.5060.134, setWindowRect: true, strictFileInteractability: false, timeouts: {implicit: 0, pageLoad: 300000, script: 30000}, unhandledPromptBehavior: dismiss and notify, webauthn:extension:credBlob: true, webauthn:extension:largeBlob: true, webauthn:virtualAuthenticators: true}
Session ID: 83d54a727a18472380f8f483b387231b]]>
            </message>
            <full-stacktrace>
              <![CDATA[org.openqa.selenium.NoSuchElementException: no such element: Unable to locate element: {"method":"xpath","selector":"//div[contains(text(),'Select Product Type')]"}
  (Session info: chrome=103.0.5060.134)
For documentation on this error, please visit: https://selenium.dev/exceptions/#no_such_element
Build info: version: '4.2.2', revision: '683ccb65d6'
System info: host: 'DESKTOP-DMBCJ4C', ip: '192.168.1.13', os.name: 'Windows 10', os.arch: 'amd64', os.version: '10.0', java.version: '18.0.1.1'
Driver info: org.openqa.selenium.chrome.ChromeDriver
Command: [83d54a727a18472380f8f483b387231b, findElement {using=xpath, value=//div[contains(text(),'Select Product Type')]}]
Capabilities {acceptInsecureCerts: false, browserName: chrome, browserVersion: 103.0.5060.134, chrome: {chromedriverVersion: 103.0.5060.53 (a1711811edd7..., userDataDir: C:\Users\User\AppData\Local...}, goog:chromeOptions: {debuggerAddress: localhost:56145}, networkConnectionEnabled: false, pageLoadStrategy: normal, platformName: WINDOWS, proxy: Proxy(), se:cdp: ws://localhost:56145/devtoo..., se:cdpVersion: 103.0.5060.134, setWindowRect: true, strictFileInteractability: false, timeouts: {implicit: 0, pageLoad: 300000, script: 30000}, unhandledPromptBehavior: dismiss and notify, webauthn:extension:credBlob: true, webauthn:extension:largeBlob: true, webauthn:virtualAuthenticators: true}
Session ID: 83d54a727a18472380f8f483b387231b
at java.base/jdk.internal.reflect.DirectConstructorHandleAccessor.newInstance(DirectConstructorHandleAccessor.java:67)
at java.base/java.lang.reflect.Constructor.newInstanceWithCaller(Constructor.java:499)
at java.base/java.lang.reflect.Constructor.newInstance(Constructor.java:483)
at org.openqa.selenium.remote.codec.w3c.W3CHttpResponseCodec.createException(W3CHttpResponseCodec.java:200)
at org.openqa.selenium.remote.codec.w3c.W3CHttpResponseCodec.decode(W3CHttpResponseCodec.java:133)
at org.openqa.selenium.remote.codec.w3c.W3CHttpResponseCodec.decode(W3CHttpResponseCodec.java:53)
at org.openqa.selenium.remote.HttpCommandExecutor.execute(HttpCommandExecutor.java:184)
at org.openqa.selenium.remote.service.DriverCommandExecutor.invokeExecute(DriverCommandExecutor.java:167)
at org.openqa.selenium.remote.service.DriverCommandExecutor.execute(DriverCommandExecutor.java:142)
at org.openqa.selenium.remote.RemoteWebDriver.execute(RemoteWebDriver.java:588)
at org.openqa.selenium.remote.ElementLocation$ElementFinder$2.findElement(ElementLocation.java:162)
at org.openqa.selenium.remote.ElementLocation.findElement(ElementLocation.java:60)
at org.openqa.selenium.remote.RemoteWebDriver.findElement(RemoteWebDriver.java:406)
at org.openqa.selenium.remote.RemoteWebDriver.findElement(RemoteWebDriver.java:398)
at org.openqa.selenium.support.pagefactory.DefaultElementLocator.findElement(DefaultElementLocator.java:70)
at org.openqa.selenium.support.pagefactory.internal.LocatingElementHandler.invoke(LocatingElementHandler.java:39)
at jdk.proxy2/jdk.proxy2.$Proxy16.click(Unknown Source)
at com.Super_Admin.Project_By_Vanity_URL_Page.Submit_UNS_Contract(Project_By_Vanity_URL_Page.java:433)
at com.Super_Admin.TC_Project_By_Vanity_URL.Contract_page(TC_Project_By_Vanity_URL.java:79)
at java.base/jdk.internal.reflect.DirectMethodHandleAccessor.invoke(DirectMethodHandleAccessor.java:104)
at java.base/java.lang.reflect.Method.invoke(Method.java:577)
at org.testng.internal.invokers.MethodInvocationHelper.invokeMethod(MethodInvocationHelper.java:135)
at org.testng.internal.invokers.TestInvoker.invokeMethod(TestInvoker.java:673)
at org.testng.internal.invokers.TestInvoker.invokeTestMethod(TestInvoker.java:220)
at org.testng.internal.invokers.MethodRunner.runInSequence(MethodRunner.java:50)
at org.testng.internal.invokers.TestInvoker$MethodInvocationAgent.invoke(TestInvoker.java:945)
at org.testng.internal.invokers.TestInvoker.invokeTestMethods(TestInvoker.java:193)
at org.testng.internal.invokers.TestMethodWorker.invokeTestMethods(TestMethodWorker.java:146)
at org.testng.internal.invokers.TestMethodWorker.run(TestMethodWorker.java:128)
at java.base/java.util.ArrayList.forEach(ArrayList.java:1511)
at org.testng.TestRunner.privateRun(TestRunner.java:808)
at org.testng.TestRunner.run(TestRunner.java:603)
at org.testng.SuiteRunner.runTest(SuiteRunner.java:429)
at org.testng.SuiteRunner.runSequentially(SuiteRunner.java:423)
at org.testng.SuiteRunner.privateRun(SuiteRunner.java:383)
at org.testng.SuiteRunner.run(SuiteRunner.java:326)
at org.testng.SuiteRunnerWorker.runSuite(SuiteRunnerWorker.java:52)
at org.testng.SuiteRunnerWorker.run(SuiteRunnerWorker.java:95)
at org.testng.TestNG.runSuitesSequentially(TestNG.java:1249)
at org.testng.TestNG.runSuitesLocally(TestNG.java:1169)
at org.testng.TestNG.runSuites(TestNG.java:1092)
at org.testng.TestNG.run(TestNG.java:1060)
at org.testng.remote.AbstractRemoteTestNG.run(AbstractRemoteTestNG.java:115)
at org.testng.remote.RemoteTestNG.initAndRun(RemoteTestNG.java:251)
at org.testng.remote.RemoteTestNG.main(RemoteTestNG.java:77)
]]>
            </full-stacktrace>
          </exception> <!-- org.openqa.selenium.NoSuchElementException -->
          <reporter-output>
          </reporter-output>
        </test-method> <!-- Contract_page -->
        <test-method signature="Submit_NTP()[pri:5, instance:com.Super_Admin.TC_Project_By_Vanity_URL@3059cbc]" started-at="2022-07-20T18:01:36 IST" name="Submit_NTP" finished-at="2022-07-20T18:02:29 IST" duration-ms="53039" status="FAIL">
          <exception class="org.openqa.selenium.NoSuchElementException">
            <message>
              <![CDATA[no such element: Unable to locate element: {"method":"xpath","selector":"//div[@class='custom-upload-box']//input[@name='file']"}
  (Session info: chrome=103.0.5060.134)
For documentation on this error, please visit: https://selenium.dev/exceptions/#no_such_element
Build info: version: '4.2.2', revision: '683ccb65d6'
System info: host: 'DESKTOP-DMBCJ4C', ip: '192.168.1.13', os.name: 'Windows 10', os.arch: 'amd64', os.version: '10.0', java.version: '18.0.1.1'
Driver info: org.openqa.selenium.chrome.ChromeDriver
Command: [83d54a727a18472380f8f483b387231b, findElement {using=xpath, value=//div[@class='custom-upload-box']//input[@name='file']}]
Capabilities {acceptInsecureCerts: false, browserName: chrome, browserVersion: 103.0.5060.134, chrome: {chromedriverVersion: 103.0.5060.53 (a1711811edd7..., userDataDir: C:\Users\User\AppData\Local...}, goog:chromeOptions: {debuggerAddress: localhost:56145}, networkConnectionEnabled: false, pageLoadStrategy: normal, platformName: WINDOWS, proxy: Proxy(), se:cdp: ws://localhost:56145/devtoo..., se:cdpVersion: 103.0.5060.134, setWindowRect: true, strictFileInteractability: false, timeouts: {implicit: 0, pageLoad: 300000, script: 30000}, unhandledPromptBehavior: dismiss and notify, webauthn:extension:credBlob: true, webauthn:extension:largeBlob: true, webauthn:virtualAuthenticators: true}
Session ID: 83d54a727a18472380f8f483b387231b]]>
            </message>
            <full-stacktrace>
              <![CDATA[org.openqa.selenium.NoSuchElementException: no such element: Unable to locate element: {"method":"xpath","selector":"//div[@class='custom-upload-box']//input[@name='file']"}
  (Session info: chrome=103.0.5060.134)
For documentation on this error, please visit: https://selenium.dev/exceptions/#no_such_element
Build info: version: '4.2.2', revision: '683ccb65d6'
System info: host: 'DESKTOP-DMBCJ4C', ip: '192.168.1.13', os.name: 'Windows 10', os.arch: 'amd64', os.version: '10.0', java.version: '18.0.1.1'
Driver info: org.openqa.selenium.chrome.ChromeDriver
Command: [83d54a727a18472380f8f483b387231b, findElement {using=xpath, value=//div[@class='custom-upload-box']//input[@name='file']}]
Capabilities {acceptInsecureCerts: false, browserName: chrome, browserVersion: 103.0.5060.134, chrome: {chromedriverVersion: 103.0.5060.53 (a1711811edd7..., userDataDir: C:\Users\User\AppData\Local...}, goog:chromeOptions: {debuggerAddress: localhost:56145}, networkConnectionEnabled: false, pageLoadStrategy: normal, platformName: WINDOWS, proxy: Proxy(), se:cdp: ws://localhost:56145/devtoo..., se:cdpVersion: 103.0.5060.134, setWindowRect: true, strictFileInteractability: false, timeouts: {implicit: 0, pageLoad: 300000, script: 30000}, unhandledPromptBehavior: dismiss and notify, webauthn:extension:credBlob: true, webauthn:extension:largeBlob: true, webauthn:virtualAuthenticators: true}
Session ID: 83d54a727a18472380f8f483b387231b
at java.base/jdk.internal.reflect.DirectConstructorHandleAccessor.newInstance(DirectConstructorHandleAccessor.java:67)
at java.base/java.lang.reflect.Constructor.newInstanceWithCaller(Constructor.java:499)
at java.base/java.lang.reflect.Constructor.newInstance(Constructor.java:483)
at org.openqa.selenium.remote.codec.w3c.W3CHttpResponseCodec.createException(W3CHttpResponseCodec.java:200)
at org.openqa.selenium.remote.codec.w3c.W3CHttpResponseCodec.decode(W3CHttpResponseCodec.java:133)
at org.openqa.selenium.remote.codec.w3c.W3CHttpResponseCodec.decode(W3CHttpResponseCodec.java:53)
at org.openqa.selenium.remote.HttpCommandExecutor.execute(HttpCommandExecutor.java:184)
at org.openqa.selenium.remote.service.DriverCommandExecutor.invokeExecute(DriverCommandExecutor.java:167)
at org.openqa.selenium.remote.service.DriverCommandExecutor.execute(DriverCommandExecutor.java:142)
at org.openqa.selenium.remote.RemoteWebDriver.execute(RemoteWebDriver.java:588)
at org.openqa.selenium.remote.ElementLocation$ElementFinder$2.findElement(ElementLocation.java:162)
at org.openqa.selenium.remote.ElementLocation.findElement(ElementLocation.java:60)
at org.openqa.selenium.remote.RemoteWebDriver.findElement(RemoteWebDriver.java:406)
at org.openqa.selenium.remote.RemoteWebDriver.findElement(RemoteWebDriver.java:398)
at com.Super_Admin.Project_By_Vanity_URL_Page.Submit_NTP(Project_By_Vanity_URL_Page.java:554)
at com.Super_Admin.TC_Project_By_Vanity_URL.Submit_NTP(TC_Project_By_Vanity_URL.java:87)
at java.base/jdk.internal.reflect.DirectMethodHandleAccessor.invoke(DirectMethodHandleAccessor.java:104)
at java.base/java.lang.reflect.Method.invoke(Method.java:577)
at org.testng.internal.invokers.MethodInvocationHelper.invokeMethod(MethodInvocationHelper.java:135)
at org.testng.internal.invokers.TestInvoker.invokeMethod(TestInvoker.java:673)
at org.testng.internal.invokers.TestInvoker.invokeTestMethod(TestInvoker.java:220)
at org.testng.internal.invokers.MethodRunner.runInSequence(MethodRunner.java:50)
at org.testng.internal.invokers.TestInvoker$MethodInvocationAgent.invoke(TestInvoker.java:945)
at org.testng.internal.invokers.TestInvoker.invokeTestMethods(TestInvoker.java:193)
at org.testng.internal.invokers.TestMethodWorker.invokeTestMethods(TestMethodWorker.java:146)
at org.testng.internal.invokers.TestMethodWorker.run(TestMethodWorker.java:128)
at java.base/java.util.ArrayList.forEach(ArrayList.java:1511)
at org.testng.TestRunner.privateRun(TestRunner.java:808)
at org.testng.TestRunner.run(TestRunner.java:603)
at org.testng.SuiteRunner.runTest(SuiteRunner.java:429)
at org.testng.SuiteRunner.runSequentially(SuiteRunner.java:423)
at org.testng.SuiteRunner.privateRun(SuiteRunner.java:383)
at org.testng.SuiteRunner.run(SuiteRunner.java:326)
at org.testng.SuiteRunnerWorker.runSuite(SuiteRunnerWorker.java:52)
at org.testng.SuiteRunnerWorker.run(SuiteRunnerWorker.java:95)
at org.testng.TestNG.runSuitesSequentially(TestNG.java:1249)
at org.testng.TestNG.runSuitesLocally(TestNG.java:1169)
at org.testng.TestNG.runSuites(TestNG.java:1092)
at org.testng.TestNG.run(TestNG.java:1060)
at org.testng.remote.AbstractRemoteTestNG.run(AbstractRemoteTestNG.java:115)
at org.testng.remote.RemoteTestNG.initAndRun(RemoteTestNG.java:251)
at org.testng.remote.RemoteTestNG.main(RemoteTestNG.java:77)
]]>
            </full-stacktrace>
          </exception> <!-- org.openqa.selenium.NoSuchElementException -->
          <reporter-output>
          </reporter-output>
        </test-method> <!-- Submit_NTP -->
        <test-method signature="Funding_Tab()[pri:6, instance:com.Super_Admin.TC_Project_By_Vanity_URL@3059cbc]" started-at="2022-07-20T18:02:29 IST" name="Funding_Tab" finished-at="2022-07-20T18:03:22 IST" duration-ms="53147" status="FAIL">
          <exception class="org.openqa.selenium.NoSuchElementException">
            <message>
              <![CDATA[no such element: Unable to locate element: {"method":"css selector","selector":"#generate\-coi"}
  (Session info: chrome=103.0.5060.134)
For documentation on this error, please visit: https://selenium.dev/exceptions/#no_such_element
Build info: version: '4.2.2', revision: '683ccb65d6'
System info: host: 'DESKTOP-DMBCJ4C', ip: '192.168.1.13', os.name: 'Windows 10', os.arch: 'amd64', os.version: '10.0', java.version: '18.0.1.1'
Driver info: org.openqa.selenium.chrome.ChromeDriver
Command: [83d54a727a18472380f8f483b387231b, findElement {using=id, value=generate-coi}]
Capabilities {acceptInsecureCerts: false, browserName: chrome, browserVersion: 103.0.5060.134, chrome: {chromedriverVersion: 103.0.5060.53 (a1711811edd7..., userDataDir: C:\Users\User\AppData\Local...}, goog:chromeOptions: {debuggerAddress: localhost:56145}, networkConnectionEnabled: false, pageLoadStrategy: normal, platformName: WINDOWS, proxy: Proxy(), se:cdp: ws://localhost:56145/devtoo..., se:cdpVersion: 103.0.5060.134, setWindowRect: true, strictFileInteractability: false, timeouts: {implicit: 0, pageLoad: 300000, script: 30000}, unhandledPromptBehavior: dismiss and notify, webauthn:extension:credBlob: true, webauthn:extension:largeBlob: true, webauthn:virtualAuthenticators: true}
Session ID: 83d54a727a18472380f8f483b387231b]]>
            </message>
            <full-stacktrace>
              <![CDATA[org.openqa.selenium.NoSuchElementException: no such element: Unable to locate element: {"method":"css selector","selector":"#generate\-coi"}
  (Session info: chrome=103.0.5060.134)
For documentation on this error, please visit: https://selenium.dev/exceptions/#no_such_element
Build info: version: '4.2.2', revision: '683ccb65d6'
System info: host: 'DESKTOP-DMBCJ4C', ip: '192.168.1.13', os.name: 'Windows 10', os.arch: 'amd64', os.version: '10.0', java.version: '18.0.1.1'
Driver info: org.openqa.selenium.chrome.ChromeDriver
Command: [83d54a727a18472380f8f483b387231b, findElement {using=id, value=generate-coi}]
Capabilities {acceptInsecureCerts: false, browserName: chrome, browserVersion: 103.0.5060.134, chrome: {chromedriverVersion: 103.0.5060.53 (a1711811edd7..., userDataDir: C:\Users\User\AppData\Local...}, goog:chromeOptions: {debuggerAddress: localhost:56145}, networkConnectionEnabled: false, pageLoadStrategy: normal, platformName: WINDOWS, proxy: Proxy(), se:cdp: ws://localhost:56145/devtoo..., se:cdpVersion: 103.0.5060.134, setWindowRect: true, strictFileInteractability: false, timeouts: {implicit: 0, pageLoad: 300000, script: 30000}, unhandledPromptBehavior: dismiss and notify, webauthn:extension:credBlob: true, webauthn:extension:largeBlob: true, webauthn:virtualAuthenticators: true}
Session ID: 83d54a727a18472380f8f483b387231b
at java.base/jdk.internal.reflect.DirectConstructorHandleAccessor.newInstance(DirectConstructorHandleAccessor.java:67)
at java.base/java.lang.reflect.Constructor.newInstanceWithCaller(Constructor.java:499)
at java.base/java.lang.reflect.Constructor.newInstance(Constructor.java:483)
at org.openqa.selenium.remote.codec.w3c.W3CHttpResponseCodec.createException(W3CHttpResponseCodec.java:200)
at org.openqa.selenium.remote.codec.w3c.W3CHttpResponseCodec.decode(W3CHttpResponseCodec.java:133)
at org.openqa.selenium.remote.codec.w3c.W3CHttpResponseCodec.decode(W3CHttpResponseCodec.java:53)
at org.openqa.selenium.remote.HttpCommandExecutor.execute(HttpCommandExecutor.java:184)
at org.openqa.selenium.remote.service.DriverCommandExecutor.invokeExecute(DriverCommandExecutor.java:167)
at org.openqa.selenium.remote.service.DriverCommandExecutor.execute(DriverCommandExecutor.java:142)
at org.openqa.selenium.remote.RemoteWebDriver.execute(RemoteWebDriver.java:588)
at org.openqa.selenium.remote.ElementLocation$ElementFinder$2.findElement(ElementLocation.java:162)
at org.openqa.selenium.remote.ElementLocation.findElement(ElementLocation.java:60)
at org.openqa.selenium.remote.RemoteWebDriver.findElement(RemoteWebDriver.java:406)
at org.openqa.selenium.remote.RemoteWebDriver.findElement(RemoteWebDriver.java:398)
at org.openqa.selenium.support.pagefactory.DefaultElementLocator.findElement(DefaultElementLocator.java:70)
at org.openqa.selenium.support.pagefactory.internal.LocatingElementHandler.invoke(LocatingElementHandler.java:39)
at jdk.proxy2/jdk.proxy2.$Proxy16.click(Unknown Source)
at com.Super_Admin.Project_By_Vanity_URL_Page.Funding_Tab(Project_By_Vanity_URL_Page.java:675)
at com.Super_Admin.TC_Project_By_Vanity_URL.Funding_Tab(TC_Project_By_Vanity_URL.java:96)
at java.base/jdk.internal.reflect.DirectMethodHandleAccessor.invoke(DirectMethodHandleAccessor.java:104)
at java.base/java.lang.reflect.Method.invoke(Method.java:577)
at org.testng.internal.invokers.MethodInvocationHelper.invokeMethod(MethodInvocationHelper.java:135)
at org.testng.internal.invokers.TestInvoker.invokeMethod(TestInvoker.java:673)
at org.testng.internal.invokers.TestInvoker.invokeTestMethod(TestInvoker.java:220)
at org.testng.internal.invokers.MethodRunner.runInSequence(MethodRunner.java:50)
at org.testng.internal.invokers.TestInvoker$MethodInvocationAgent.invoke(TestInvoker.java:945)
at org.testng.internal.invokers.TestInvoker.invokeTestMethods(TestInvoker.java:193)
at org.testng.internal.invokers.TestMethodWorker.invokeTestMethods(TestMethodWorker.java:146)
at org.testng.internal.invokers.TestMethodWorker.run(TestMethodWorker.java:128)
at java.base/java.util.ArrayList.forEach(ArrayList.java:1511)
at org.testng.TestRunner.privateRun(TestRunner.java:808)
at org.testng.TestRunner.run(TestRunner.java:603)
at org.testng.SuiteRunner.runTest(SuiteRunner.java:429)
at org.testng.SuiteRunner.runSequentially(SuiteRunner.java:423)
at org.testng.SuiteRunner.privateRun(SuiteRunner.java:383)
at org.testng.SuiteRunner.run(SuiteRunner.java:326)
at org.testng.SuiteRunnerWorker.runSuite(SuiteRunnerWorker.java:52)
at org.testng.SuiteRunnerWorker.run(SuiteRunnerWorker.java:95)
at org.testng.TestNG.runSuitesSequentially(TestNG.java:1249)
at org.testng.TestNG.runSuitesLocally(TestNG.java:1169)
at org.testng.TestNG.runSuites(TestNG.java:1092)
at org.testng.TestNG.run(TestNG.java:1060)
at org.testng.remote.AbstractRemoteTestNG.run(AbstractRemoteTestNG.java:115)
at org.testng.remote.RemoteTestNG.initAndRun(RemoteTestNG.java:251)
at org.testng.remote.RemoteTestNG.main(RemoteTestNG.java:77)
]]>
            </full-stacktrace>
          </exception> <!-- org.openqa.selenium.NoSuchElementException -->
          <reporter-output>
          </reporter-output>
        </test-method> <!-- Funding_Tab -->
      </class> <!-- com.Super_Admin.TC_Project_By_Vanity_URL -->
    </test> <!-- TC_Project_By_Vanity_URL -->
  </suite> <!-- Suite -->
</testng-results>
